{
  "F:\\codes\\antigravity\\taggedviewer\\src\\main\\db.ts": {
    "path": "F:\\codes\\antigravity\\taggedviewer\\src\\main\\db.ts",
    "statementMap": {
      "0": { "start": { "line": 4, "column": 17 }, "end": { "line": 4, "column": null } },
      "1": { "start": { "line": 32, "column": 6 }, "end": { "line": 32, "column": null } },
      "2": { "start": { "line": 33, "column": 6 }, "end": { "line": 33, "column": null } },
      "3": { "start": { "line": 34, "column": 11 }, "end": { "line": 34, "column": null } },
      "4": { "start": { "line": 37, "column": 0 }, "end": { "line": 41, "column": null } },
      "5": { "start": { "line": 38, "column": 2 }, "end": { "line": 38, "column": null } },
      "6": { "start": { "line": 38, "column": 17 }, "end": { "line": 38, "column": null } },
      "7": { "start": { "line": 39, "column": 16 }, "end": { "line": 39, "column": null } },
      "8": { "start": { "line": 40, "column": 2 }, "end": { "line": 40, "column": null } },
      "9": { "start": { "line": 43, "column": 25 }, "end": { "line": 57, "column": null } },
      "10": { "start": { "line": 44, "column": 14 }, "end": { "line": 44, "column": null } },
      "11": { "start": { "line": 45, "column": 2 }, "end": { "line": 56, "column": null } },
      "12": { "start": { "line": 47, "column": 6 }, "end": { "line": 47, "column": null } },
      "13": { "start": { "line": 49, "column": 6 }, "end": { "line": 49, "column": null } },
      "14": { "start": { "line": 51, "column": 6 }, "end": { "line": 51, "column": null } },
      "15": { "start": { "line": 55, "column": 6 }, "end": { "line": 55, "column": null } },
      "16": { "start": { "line": 60, "column": 0 }, "end": { "line": 92, "column": null } },
      "17": { "start": { "line": 95, "column": 0 }, "end": { "line": 155, "column": null } },
      "18": { "start": { "line": 96, "column": 2 }, "end": { "line": 154, "column": null } },
      "19": { "start": { "line": 97, "column": 17 }, "end": { "line": 97, "column": null } },
      "20": { "start": { "line": 98, "column": 4 }, "end": { "line": 149, "column": null } },
      "21": { "start": { "line": 100, "column": 24 }, "end": { "line": 102, "column": null } },
      "22": { "start": { "line": 103, "column": 6 }, "end": { "line": 105, "column": null } },
      "23": { "start": { "line": 104, "column": 8 }, "end": { "line": 104, "column": null } },
      "24": { "start": { "line": 108, "column": 24 }, "end": { "line": 108, "column": null } },
      "25": { "start": { "line": 109, "column": 6 }, "end": { "line": 111, "column": null } },
      "26": { "start": { "line": 110, "column": 8 }, "end": { "line": 110, "column": null } },
      "27": { "start": { "line": 114, "column": 25 }, "end": { "line": 116, "column": null } },
      "28": { "start": { "line": 118, "column": 21 }, "end": { "line": 118, "column": null } },
      "29": { "start": { "line": 119, "column": 6 }, "end": { "line": 121, "column": null } },
      "30": { "start": { "line": 121, "column": 31 }, "end": { "line": 121, "column": 63 } },
      "31": { "start": { "line": 122, "column": 21 }, "end": { "line": 122, "column": null } },
      "32": { "start": { "line": 123, "column": 6 }, "end": { "line": 125, "column": null } },
      "33": { "start": { "line": 125, "column": 31 }, "end": { "line": 125, "column": 59 } },
      "34": { "start": { "line": 127, "column": 24 }, "end": { "line": 127, "column": null } },
      "35": { "start": { "line": 128, "column": 6 }, "end": { "line": 128, "column": null } },
      "36": { "start": { "line": 128, "column": 43 }, "end": { "line": 128, "column": null } },
      "37": { "start": { "line": 129, "column": 24 }, "end": { "line": 129, "column": null } },
      "38": { "start": { "line": 130, "column": 6 }, "end": { "line": 130, "column": null } },
      "39": { "start": { "line": 130, "column": 41 }, "end": { "line": 130, "column": null } },
      "40": { "start": { "line": 132, "column": 6 }, "end": { "line": 140, "column": null } },
      "41": { "start": { "line": 133, "column": 25 }, "end": { "line": 133, "column": null } },
      "42": { "start": { "line": 134, "column": 24 }, "end": { "line": 134, "column": null } },
      "43": { "start": { "line": 135, "column": 25 }, "end": { "line": 135, "column": null } },
      "44": { "start": { "line": 136, "column": 25 }, "end": { "line": 136, "column": null } },
      "45": { "start": { "line": 137, "column": 8 }, "end": { "line": 139, "column": null } },
      "46": { "start": { "line": 138, "column": 10 }, "end": { "line": 138, "column": null } },
      "47": { "start": { "line": 143, "column": 6 }, "end": { "line": 148, "column": null } },
      "48": { "start": { "line": 144, "column": 8 }, "end": { "line": 147, "column": null } },
      "49": { "start": { "line": 150, "column": 4 }, "end": { "line": 150, "column": null } },
      "50": { "start": { "line": 151, "column": 4 }, "end": { "line": 151, "column": null } },
      "51": { "start": { "line": 153, "column": 4 }, "end": { "line": 153, "column": null } },
      "52": { "start": { "line": 158, "column": 0 }, "end": { "line": 170, "column": null } },
      "53": { "start": { "line": 159, "column": 20 }, "end": { "line": 159, "column": null } },
      "54": { "start": { "line": 160, "column": 24 }, "end": { "line": 160, "column": null } },
      "55": { "start": { "line": 160, "column": 53 }, "end": { "line": 160, "column": 84 } },
      "56": { "start": { "line": 161, "column": 2 }, "end": { "line": 167, "column": null } },
      "57": { "start": { "line": 162, "column": 4 }, "end": { "line": 162, "column": null } },
      "58": { "start": { "line": 163, "column": 4 }, "end": { "line": 163, "column": null } },
      "59": { "start": { "line": 164, "column": 4 }, "end": { "line": 166, "column": null } },
      "60": { "start": { "line": 169, "column": 2 }, "end": { "line": 169, "column": null } },
      "61": { "start": { "line": 173, "column": 0 }, "end": { "line": 179, "column": null } },
      "62": { "start": { "line": 174, "column": 2 }, "end": { "line": 176, "column": null } },
      "63": { "start": { "line": 178, "column": 2 }, "end": { "line": 178, "column": null } },
      "64": { "start": { "line": 181, "column": 32 }, "end": { "line": 204, "column": null } },
      "65": { "start": { "line": 183, "column": 75 }, "end": { "line": 183, "column": null } },
      "66": { "start": { "line": 184, "column": 22 }, "end": { "line": 184, "column": null } },
      "67": { "start": { "line": 185, "column": 23 }, "end": { "line": 187, "column": null } },
      "68": { "start": { "line": 189, "column": 4 }, "end": { "line": 201, "column": null } },
      "69": { "start": { "line": 190, "column": 6 }, "end": { "line": 200, "column": null } },
      "70": { "start": { "line": 191, "column": 25 }, "end": { "line": 191, "column": null } },
      "71": { "start": { "line": 192, "column": 8 }, "end": { "line": 199, "column": null } },
      "72": { "start": { "line": 193, "column": 10 }, "end": { "line": 193, "column": null } },
      "73": { "start": { "line": 196, "column": 24 }, "end": { "line": 196, "column": null } },
      "74": { "start": { "line": 197, "column": 22 }, "end": { "line": 197, "column": null } },
      "75": { "start": { "line": 198, "column": 10 }, "end": { "line": 198, "column": null } },
      "76": { "start": { "line": 202, "column": 4 }, "end": { "line": 202, "column": null } },
      "77": { "start": { "line": 206, "column": 27 }, "end": { "line": 212, "column": null } },
      "78": { "start": { "line": 208, "column": 20 }, "end": { "line": 208, "column": null } },
      "79": { "start": { "line": 209, "column": 16 }, "end": { "line": 209, "column": null } },
      "80": { "start": { "line": 210, "column": 4 }, "end": { "line": 210, "column": null } },
      "81": { "start": { "line": 214, "column": 34 }, "end": { "line": 218, "column": null } },
      "82": { "start": { "line": 216, "column": 4 }, "end": { "line": 216, "column": null } },
      "83": { "start": { "line": 220, "column": 36 }, "end": { "line": 224, "column": null } },
      "84": { "start": { "line": 222, "column": 4 }, "end": { "line": 222, "column": null } },
      "85": { "start": { "line": 226, "column": 24 }, "end": { "line": 230, "column": null } },
      "86": { "start": { "line": 228, "column": 4 }, "end": { "line": 228, "column": null } },
      "87": { "start": { "line": 232, "column": 28 }, "end": { "line": 249, "column": null } },
      "88": { "start": { "line": 239, "column": 4 }, "end": { "line": 247, "column": null } },
      "89": { "start": { "line": 251, "column": 29 }, "end": { "line": 256, "column": null } },
      "90": { "start": { "line": 253, "column": 16 }, "end": { "line": 253, "column": null } },
      "91": { "start": { "line": 254, "column": 4 }, "end": { "line": 254, "column": null } },
      "92": { "start": { "line": 258, "column": 30 }, "end": { "line": 268, "column": null } },
      "93": { "start": { "line": 260, "column": 17 }, "end": { "line": 260, "column": null } },
      "94": { "start": { "line": 261, "column": 4 }, "end": { "line": 266, "column": null } },
      "95": { "start": { "line": 262, "column": 6 }, "end": { "line": 265, "column": null } },
      "96": { "start": { "line": 263, "column": 24 }, "end": { "line": 263, "column": null } },
      "97": { "start": { "line": 264, "column": 8 }, "end": { "line": 264, "column": null } },
      "98": { "start": { "line": 264, "column": 21 }, "end": { "line": 264, "column": null } },
      "99": { "start": { "line": 270, "column": 25 }, "end": { "line": 277, "column": null } },
      "100": { "start": { "line": 272, "column": 16 }, "end": { "line": 272, "column": null } },
      "101": { "start": { "line": 273, "column": 4 }, "end": { "line": 273, "column": null } },
      "102": { "start": { "line": 273, "column": 25 }, "end": { "line": 273, "column": null } },
      "103": { "start": { "line": 274, "column": 21 }, "end": { "line": 274, "column": null } },
      "104": { "start": { "line": 275, "column": 4 }, "end": { "line": 275, "column": null } },
      "105": { "start": { "line": 279, "column": 26 }, "end": { "line": 294, "column": null } },
      "106": { "start": { "line": 282, "column": 4 }, "end": { "line": 292, "column": null } },
      "107": { "start": { "line": 296, "column": 33 }, "end": { "line": 301, "column": null } },
      "108": { "start": { "line": 298, "column": 4 }, "end": { "line": 298, "column": null } },
      "109": { "start": { "line": 299, "column": 4 }, "end": { "line": 299, "column": null } },
      "110": { "start": { "line": 303, "column": 33 }, "end": { "line": 314, "column": null } },
      "111": { "start": { "line": 305, "column": 17 }, "end": { "line": 307, "column": null } },
      "112": { "start": { "line": 308, "column": 4 }, "end": { "line": 312, "column": null } },
      "113": { "start": { "line": 309, "column": 6 }, "end": { "line": 311, "column": null } },
      "114": { "start": { "line": 310, "column": 8 }, "end": { "line": 310, "column": null } },
      "115": { "start": { "line": 316, "column": 39 }, "end": { "line": 340, "column": null } },
      "116": { "start": { "line": 318, "column": 26 }, "end": { "line": 318, "column": null } },
      "117": { "start": { "line": 319, "column": 25 }, "end": { "line": 319, "column": null } },
      "118": { "start": { "line": 320, "column": 21 }, "end": { "line": 322, "column": null } },
      "119": { "start": { "line": 323, "column": 25 }, "end": { "line": 323, "column": null } },
      "120": { "start": { "line": 325, "column": 4 }, "end": { "line": 338, "column": null } },
      "121": { "start": { "line": 326, "column": 6 }, "end": { "line": 337, "column": null } },
      "122": { "start": { "line": 327, "column": 8 }, "end": { "line": 335, "column": null } },
      "123": { "start": { "line": 328, "column": 23 }, "end": { "line": 328, "column": null } },
      "124": { "start": { "line": 329, "column": 10 }, "end": { "line": 329, "column": null } },
      "125": { "start": { "line": 329, "column": 21 }, "end": { "line": 329, "column": null } },
      "126": { "start": { "line": 330, "column": 10 }, "end": { "line": 330, "column": null } },
      "127": { "start": { "line": 331, "column": 22 }, "end": { "line": 331, "column": null } },
      "128": { "start": { "line": 332, "column": 10 }, "end": { "line": 334, "column": null } },
      "129": { "start": { "line": 333, "column": 12 }, "end": { "line": 333, "column": null } },
      "130": { "start": { "line": 336, "column": 8 }, "end": { "line": 336, "column": null } },
      "131": { "start": { "line": 342, "column": 31 }, "end": { "line": 368, "column": null } },
      "132": { "start": { "line": 350, "column": 4 }, "end": { "line": 350, "column": null } },
      "133": { "start": { "line": 350, "column": 50 }, "end": { "line": 350, "column": null } },
      "134": { "start": { "line": 352, "column": 25 }, "end": { "line": 352, "column": null } },
      "135": { "start": { "line": 352, "column": 47 }, "end": { "line": 352, "column": 50 } },
      "136": { "start": { "line": 353, "column": 4 }, "end": { "line": 366, "column": null } },
      "137": { "start": { "line": 370, "column": 36 }, "end": { "line": 391, "column": null } },
      "138": { "start": { "line": 372, "column": 4 }, "end": { "line": 372, "column": null } },
      "139": { "start": { "line": 372, "column": 50 }, "end": { "line": 372, "column": null } },
      "140": { "start": { "line": 374, "column": 25 }, "end": { "line": 374, "column": null } },
      "141": { "start": { "line": 374, "column": 47 }, "end": { "line": 374, "column": 50 } },
      "142": { "start": { "line": 375, "column": 16 }, "end": { "line": 388, "column": null } },
      "143": { "start": { "line": 389, "column": 4 }, "end": { "line": 389, "column": null } },
      "144": { "start": { "line": 393, "column": 31 }, "end": { "line": 407, "column": null } },
      "145": { "start": { "line": 395, "column": 4 }, "end": { "line": 405, "column": null } },
      "146": { "start": { "line": 409, "column": 29 }, "end": { "line": 417, "column": null } },
      "147": { "start": { "line": 411, "column": 4 }, "end": { "line": 415, "column": null } },
      "148": { "start": { "line": 412, "column": 6 }, "end": { "line": 412, "column": null } },
      "149": { "start": { "line": 413, "column": 6 }, "end": { "line": 413, "column": null } },
      "150": { "start": { "line": 414, "column": 6 }, "end": { "line": 414, "column": null } },
      "151": { "start": { "line": 419, "column": 30 }, "end": { "line": 423, "column": null } },
      "152": { "start": { "line": 421, "column": 4 }, "end": { "line": 421, "column": null } },
      "153": { "start": { "line": 425, "column": 33 }, "end": { "line": 437, "column": null } },
      "154": { "start": { "line": 427, "column": 16 }, "end": { "line": 427, "column": null } },
      "155": { "start": { "line": 428, "column": 4 }, "end": { "line": 434, "column": null } },
      "156": { "start": { "line": 429, "column": 6 }, "end": { "line": 432, "column": null } },
      "157": { "start": { "line": 430, "column": 8 }, "end": { "line": 430, "column": null } },
      "158": { "start": { "line": 431, "column": 8 }, "end": { "line": 431, "column": null } },
      "159": { "start": { "line": 433, "column": 6 }, "end": { "line": 433, "column": null } },
      "160": { "start": { "line": 435, "column": 4 }, "end": { "line": 435, "column": null } },
      "161": { "start": { "line": 439, "column": 27 }, "end": { "line": 444, "column": null } },
      "162": { "start": { "line": 441, "column": 16 }, "end": { "line": 441, "column": null } },
      "163": { "start": { "line": 442, "column": 4 }, "end": { "line": 442, "column": null } },
      "164": { "start": { "line": 446, "column": 30 }, "end": { "line": 456, "column": null } },
      "165": { "start": { "line": 448, "column": 4 }, "end": { "line": 453, "column": null } },
      "166": { "start": { "line": 449, "column": 6 }, "end": { "line": 452, "column": null } },
      "167": { "start": { "line": 454, "column": 4 }, "end": { "line": 454, "column": null } },
      "168": { "start": { "line": 459, "column": 33 }, "end": { "line": 489, "column": null } },
      "169": { "start": { "line": 461, "column": 19 }, "end": { "line": 463, "column": null } },
      "170": { "start": { "line": 464, "column": 4 }, "end": { "line": 464, "column": null } },
      "171": { "start": { "line": 464, "column": 29 }, "end": { "line": 464, "column": null } },
      "172": { "start": { "line": 466, "column": 23 }, "end": { "line": 466, "column": null } },
      "173": { "start": { "line": 467, "column": 18 }, "end": { "line": 467, "column": null } },
      "174": { "start": { "line": 469, "column": 4 }, "end": { "line": 486, "column": null } },
      "175": { "start": { "line": 470, "column": 6 }, "end": { "line": 485, "column": null } },
      "176": { "start": { "line": 471, "column": 8 }, "end": { "line": 484, "column": null } },
      "177": { "start": { "line": 476, "column": 21 }, "end": { "line": 476, "column": null } },
      "178": { "start": { "line": 477, "column": 10 }, "end": { "line": 481, "column": null } },
      "179": { "start": { "line": 478, "column": 26 }, "end": { "line": 478, "column": null } },
      "180": { "start": { "line": 479, "column": 12 }, "end": { "line": 479, "column": null } },
      "181": { "start": { "line": 480, "column": 12 }, "end": { "line": 480, "column": null } },
      "182": { "start": { "line": 487, "column": 4 }, "end": { "line": 487, "column": null } }
    },
    "fnMap": {
      "0": {
        "name": "(anonymous_0)",
        "decl": { "start": { "line": 37, "column": 28 }, "end": { "line": 37, "column": 29 } },
        "loc": { "start": { "line": 37, "column": 50 }, "end": { "line": 41, "column": 1 } },
        "line": 37
      },
      "1": {
        "name": "(anonymous_1)",
        "decl": { "start": { "line": 43, "column": 25 }, "end": { "line": 43, "column": 26 } },
        "loc": { "start": { "line": 43, "column": 86 }, "end": { "line": 57, "column": null } },
        "line": 43
      },
      "2": {
        "name": "(anonymous_2)",
        "decl": { "start": { "line": 98, "column": 19 }, "end": { "line": 98, "column": 25 } },
        "loc": { "start": { "line": 98, "column": 25 }, "end": { "line": 149, "column": 5 } },
        "line": 98
      },
      "3": {
        "name": "(anonymous_3)",
        "decl": { "start": { "line": 121, "column": 17 }, "end": { "line": 121, "column": 18 } },
        "loc": { "start": { "line": 121, "column": 31 }, "end": { "line": 121, "column": 63 } },
        "line": 121
      },
      "4": {
        "name": "(anonymous_4)",
        "decl": { "start": { "line": 125, "column": 17 }, "end": { "line": 125, "column": 18 } },
        "loc": { "start": { "line": 125, "column": 31 }, "end": { "line": 125, "column": 59 } },
        "line": 125
      },
      "5": {
        "name": "(anonymous_5)",
        "decl": { "start": { "line": 160, "column": 39 }, "end": { "line": 160, "column": 40 } },
        "loc": { "start": { "line": 160, "column": 53 }, "end": { "line": 160, "column": 84 } },
        "line": 160
      },
      "6": {
        "name": "(anonymous_6)",
        "decl": { "start": { "line": 182, "column": 7 }, "end": { "line": 182, "column": 14 } },
        "loc": { "start": { "line": 182, "column": 71 }, "end": { "line": 203, "column": null } },
        "line": 182
      },
      "7": {
        "name": "(anonymous_7)",
        "decl": { "start": { "line": 189, "column": 19 }, "end": { "line": 189, "column": 25 } },
        "loc": { "start": { "line": 189, "column": 25 }, "end": { "line": 201, "column": 5 } },
        "line": 189
      },
      "8": {
        "name": "(anonymous_8)",
        "decl": { "start": { "line": 207, "column": 7 }, "end": { "line": 207, "column": 14 } },
        "loc": { "start": { "line": 207, "column": 43 }, "end": { "line": 211, "column": null } },
        "line": 207
      },
      "9": {
        "name": "(anonymous_9)",
        "decl": { "start": { "line": 215, "column": 7 }, "end": { "line": 215, "column": 14 } },
        "loc": { "start": { "line": 215, "column": 37 }, "end": { "line": 217, "column": null } },
        "line": 215
      },
      "10": {
        "name": "(anonymous_10)",
        "decl": { "start": { "line": 221, "column": 7 }, "end": { "line": 221, "column": 19 } },
        "loc": { "start": { "line": 221, "column": 19 }, "end": { "line": 223, "column": null } },
        "line": 221
      },
      "11": {
        "name": "(anonymous_11)",
        "decl": { "start": { "line": 227, "column": 7 }, "end": { "line": 227, "column": 14 } },
        "loc": { "start": { "line": 227, "column": 43 }, "end": { "line": 229, "column": null } },
        "line": 227
      },
      "12": {
        "name": "(anonymous_12)",
        "decl": { "start": { "line": 233, "column": 7 }, "end": { "line": 233, "column": null } },
        "loc": { "start": { "line": 238, "column": 7 }, "end": { "line": 248, "column": null } },
        "line": 238
      },
      "13": {
        "name": "(anonymous_13)",
        "decl": { "start": { "line": 252, "column": 7 }, "end": { "line": 252, "column": 19 } },
        "loc": { "start": { "line": 252, "column": 19 }, "end": { "line": 255, "column": null } },
        "line": 252
      },
      "14": {
        "name": "(anonymous_14)",
        "decl": { "start": { "line": 259, "column": 7 }, "end": { "line": 259, "column": 14 } },
        "loc": { "start": { "line": 259, "column": 34 }, "end": { "line": 267, "column": null } },
        "line": 259
      },
      "15": {
        "name": "(anonymous_15)",
        "decl": { "start": { "line": 261, "column": 19 }, "end": { "line": 261, "column": 25 } },
        "loc": { "start": { "line": 261, "column": 25 }, "end": { "line": 266, "column": 5 } },
        "line": 261
      },
      "16": {
        "name": "(anonymous_16)",
        "decl": { "start": { "line": 271, "column": 7 }, "end": { "line": 271, "column": 14 } },
        "loc": { "start": { "line": 271, "column": 39 }, "end": { "line": 276, "column": null } },
        "line": 271
      },
      "17": {
        "name": "(anonymous_17)",
        "decl": { "start": { "line": 280, "column": 7 }, "end": { "line": 280, "column": 19 } },
        "loc": { "start": { "line": 280, "column": 19 }, "end": { "line": 293, "column": null } },
        "line": 280
      },
      "18": {
        "name": "(anonymous_18)",
        "decl": { "start": { "line": 297, "column": 7 }, "end": { "line": 297, "column": 14 } },
        "loc": { "start": { "line": 297, "column": 37 }, "end": { "line": 300, "column": null } },
        "line": 297
      },
      "19": {
        "name": "(anonymous_19)",
        "decl": { "start": { "line": 304, "column": 7 }, "end": { "line": 304, "column": 14 } },
        "loc": { "start": { "line": 304, "column": 62 }, "end": { "line": 313, "column": null } },
        "line": 304
      },
      "20": {
        "name": "(anonymous_20)",
        "decl": { "start": { "line": 308, "column": 19 }, "end": { "line": 308, "column": 25 } },
        "loc": { "start": { "line": 308, "column": 25 }, "end": { "line": 312, "column": 5 } },
        "line": 308
      },
      "21": {
        "name": "(anonymous_21)",
        "decl": { "start": { "line": 317, "column": 7 }, "end": { "line": 317, "column": 14 } },
        "loc": { "start": { "line": 317, "column": 74 }, "end": { "line": 339, "column": null } },
        "line": 317
      },
      "22": {
        "name": "(anonymous_22)",
        "decl": { "start": { "line": 325, "column": 19 }, "end": { "line": 325, "column": 25 } },
        "loc": { "start": { "line": 325, "column": 25 }, "end": { "line": 338, "column": 5 } },
        "line": 325
      },
      "23": {
        "name": "(anonymous_23)",
        "decl": { "start": { "line": 343, "column": 7 }, "end": { "line": 343, "column": 14 } },
        "loc": { "start": { "line": 349, "column": 8 }, "end": { "line": 367, "column": null } },
        "line": 349
      },
      "24": {
        "name": "(anonymous_24)",
        "decl": { "start": { "line": 352, "column": 41 }, "end": { "line": 352, "column": 47 } },
        "loc": { "start": { "line": 352, "column": 47 }, "end": { "line": 352, "column": 50 } },
        "line": 352
      },
      "25": {
        "name": "(anonymous_25)",
        "decl": { "start": { "line": 371, "column": 7 }, "end": { "line": 371, "column": 14 } },
        "loc": { "start": { "line": 371, "column": 45 }, "end": { "line": 390, "column": null } },
        "line": 371
      },
      "26": {
        "name": "(anonymous_26)",
        "decl": { "start": { "line": 374, "column": 41 }, "end": { "line": 374, "column": 47 } },
        "loc": { "start": { "line": 374, "column": 47 }, "end": { "line": 374, "column": 50 } },
        "line": 374
      },
      "27": {
        "name": "(anonymous_27)",
        "decl": { "start": { "line": 394, "column": 7 }, "end": { "line": 394, "column": 14 } },
        "loc": { "start": { "line": 394, "column": 42 }, "end": { "line": 406, "column": null } },
        "line": 394
      },
      "28": {
        "name": "(anonymous_28)",
        "decl": { "start": { "line": 410, "column": 7 }, "end": { "line": 410, "column": 19 } },
        "loc": { "start": { "line": 410, "column": 19 }, "end": { "line": 416, "column": null } },
        "line": 410
      },
      "29": {
        "name": "(anonymous_29)",
        "decl": { "start": { "line": 411, "column": 19 }, "end": { "line": 411, "column": 25 } },
        "loc": { "start": { "line": 411, "column": 25 }, "end": { "line": 415, "column": 5 } },
        "line": 411
      },
      "30": {
        "name": "(anonymous_30)",
        "decl": { "start": { "line": 420, "column": 7 }, "end": { "line": 420, "column": 19 } },
        "loc": { "start": { "line": 420, "column": 19 }, "end": { "line": 422, "column": null } },
        "line": 420
      },
      "31": {
        "name": "(anonymous_31)",
        "decl": { "start": { "line": 426, "column": 7 }, "end": { "line": 426, "column": 14 } },
        "loc": { "start": { "line": 426, "column": 43 }, "end": { "line": 436, "column": null } },
        "line": 426
      },
      "32": {
        "name": "(anonymous_32)",
        "decl": { "start": { "line": 429, "column": 21 }, "end": { "line": 429, "column": 27 } },
        "loc": { "start": { "line": 429, "column": 27 }, "end": { "line": 432, "column": 7 } },
        "line": 429
      },
      "33": {
        "name": "(anonymous_33)",
        "decl": { "start": { "line": 440, "column": 7 }, "end": { "line": 440, "column": 19 } },
        "loc": { "start": { "line": 440, "column": 19 }, "end": { "line": 443, "column": null } },
        "line": 440
      },
      "34": {
        "name": "(anonymous_34)",
        "decl": { "start": { "line": 447, "column": 7 }, "end": { "line": 447, "column": 14 } },
        "loc": { "start": { "line": 447, "column": 46 }, "end": { "line": 455, "column": null } },
        "line": 447
      },
      "35": {
        "name": "(anonymous_35)",
        "decl": { "start": { "line": 460, "column": 7 }, "end": { "line": 460, "column": 19 } },
        "loc": { "start": { "line": 460, "column": 19 }, "end": { "line": 488, "column": null } },
        "line": 460
      },
      "36": {
        "name": "(anonymous_36)",
        "decl": { "start": { "line": 469, "column": 19 }, "end": { "line": 469, "column": 25 } },
        "loc": { "start": { "line": 469, "column": 25 }, "end": { "line": 486, "column": 5 } },
        "line": 469
      }
    },
    "branchMap": {
      "0": {
        "loc": { "start": { "line": 38, "column": 2 }, "end": { "line": 38, "column": null } },
        "type": "if",
        "locations": [
          { "start": { "line": 38, "column": 2 }, "end": { "line": 38, "column": null } },
          { "start": {}, "end": {} }
        ],
        "line": 38
      },
      "1": {
        "loc": { "start": { "line": 40, "column": 9 }, "end": { "line": 40, "column": null } },
        "type": "cond-expr",
        "locations": [
          { "start": { "line": 40, "column": 28 }, "end": { "line": 40, "column": 57 } },
          { "start": { "line": 40, "column": 57 }, "end": { "line": 40, "column": null } }
        ],
        "line": 40
      },
      "2": {
        "loc": { "start": { "line": 43, "column": 26 }, "end": { "line": 43, "column": 51 } },
        "type": "default-arg",
        "locations": [
          { "start": { "line": 43, "column": 43 }, "end": { "line": 43, "column": 51 } }
        ],
        "line": 43
      },
      "3": {
        "loc": { "start": { "line": 43, "column": 51 }, "end": { "line": 43, "column": 86 } },
        "type": "default-arg",
        "locations": [
          { "start": { "line": 43, "column": 75 }, "end": { "line": 43, "column": 86 } }
        ],
        "line": 43
      },
      "4": {
        "loc": { "start": { "line": 44, "column": 14 }, "end": { "line": 44, "column": null } },
        "type": "cond-expr",
        "locations": [
          { "start": { "line": 44, "column": 32 }, "end": { "line": 44, "column": 40 } },
          { "start": { "line": 44, "column": 40 }, "end": { "line": 44, "column": null } }
        ],
        "line": 44
      },
      "5": {
        "loc": { "start": { "line": 45, "column": 2 }, "end": { "line": 56, "column": null } },
        "type": "switch",
        "locations": [
          { "start": { "line": 46, "column": 4 }, "end": { "line": 47, "column": null } },
          { "start": { "line": 48, "column": 4 }, "end": { "line": 49, "column": null } },
          { "start": { "line": 50, "column": 4 }, "end": { "line": 51, "column": null } },
          { "start": { "line": 52, "column": 4 }, "end": { "line": 52, "column": null } },
          { "start": { "line": 53, "column": 4 }, "end": { "line": 55, "column": null } }
        ],
        "line": 45
      },
      "6": {
        "loc": { "start": { "line": 95, "column": 0 }, "end": { "line": 155, "column": null } },
        "type": "if",
        "locations": [
          { "start": { "line": 95, "column": 0 }, "end": { "line": 155, "column": null } },
          { "start": {}, "end": {} }
        ],
        "line": 95
      },
      "7": {
        "loc": { "start": { "line": 103, "column": 24 }, "end": { "line": 103, "column": 43 } },
        "type": "binary-expr",
        "locations": [
          { "start": { "line": 103, "column": 24 }, "end": { "line": 103, "column": 39 } },
          { "start": { "line": 103, "column": 39 }, "end": { "line": 103, "column": 43 } }
        ],
        "line": 103
      },
      "8": {
        "loc": { "start": { "line": 104, "column": 36 }, "end": { "line": 104, "column": 54 } },
        "type": "binary-expr",
        "locations": [
          { "start": { "line": 104, "column": 36 }, "end": { "line": 104, "column": 48 } },
          { "start": { "line": 104, "column": 48 }, "end": { "line": 104, "column": 54 } }
        ],
        "line": 104
      },
      "9": {
        "loc": { "start": { "line": 104, "column": 70 }, "end": { "line": 104, "column": 91 } },
        "type": "cond-expr",
        "locations": [
          { "start": { "line": 104, "column": 86 }, "end": { "line": 104, "column": 90 } },
          { "start": { "line": 104, "column": 90 }, "end": { "line": 104, "column": 91 } }
        ],
        "line": 104
      },
      "10": {
        "loc": { "start": { "line": 109, "column": 24 }, "end": { "line": 109, "column": 41 } },
        "type": "binary-expr",
        "locations": [
          { "start": { "line": 109, "column": 24 }, "end": { "line": 109, "column": 37 } },
          { "start": { "line": 109, "column": 37 }, "end": { "line": 109, "column": 41 } }
        ],
        "line": 109
      },
      "11": {
        "loc": { "start": { "line": 110, "column": 32 }, "end": { "line": 110, "column": 55 } },
        "type": "cond-expr",
        "locations": [
          { "start": { "line": 110, "column": 50 }, "end": { "line": 110, "column": 54 } },
          { "start": { "line": 110, "column": 54 }, "end": { "line": 110, "column": 55 } }
        ],
        "line": 110
      },
      "12": {
        "loc": { "start": { "line": 128, "column": 24 }, "end": { "line": 128, "column": 43 } },
        "type": "binary-expr",
        "locations": [
          { "start": { "line": 128, "column": 24 }, "end": { "line": 128, "column": 39 } },
          { "start": { "line": 128, "column": 39 }, "end": { "line": 128, "column": 43 } }
        ],
        "line": 128
      },
      "13": {
        "loc": { "start": { "line": 130, "column": 24 }, "end": { "line": 130, "column": 41 } },
        "type": "binary-expr",
        "locations": [
          { "start": { "line": 130, "column": 24 }, "end": { "line": 130, "column": 37 } },
          { "start": { "line": 130, "column": 37 }, "end": { "line": 130, "column": 41 } }
        ],
        "line": 130
      },
      "14": {
        "loc": { "start": { "line": 132, "column": 25 }, "end": { "line": 132, "column": 48 } },
        "type": "binary-expr",
        "locations": [
          { "start": { "line": 132, "column": 25 }, "end": { "line": 132, "column": 44 } },
          { "start": { "line": 132, "column": 44 }, "end": { "line": 132, "column": 48 } }
        ],
        "line": 132
      },
      "15": {
        "loc": { "start": { "line": 137, "column": 8 }, "end": { "line": 139, "column": null } },
        "type": "if",
        "locations": [
          { "start": { "line": 137, "column": 8 }, "end": { "line": 139, "column": null } },
          { "start": {}, "end": {} }
        ],
        "line": 137
      },
      "16": {
        "loc": { "start": { "line": 137, "column": 12 }, "end": { "line": 137, "column": 34 } },
        "type": "binary-expr",
        "locations": [
          { "start": { "line": 137, "column": 12 }, "end": { "line": 137, "column": 24 } },
          { "start": { "line": 137, "column": 24 }, "end": { "line": 137, "column": 34 } }
        ],
        "line": 137
      },
      "17": {
        "loc": { "start": { "line": 138, "column": 45 }, "end": { "line": 138, "column": 62 } },
        "type": "binary-expr",
        "locations": [
          { "start": { "line": 138, "column": 45 }, "end": { "line": 138, "column": 59 } },
          { "start": { "line": 138, "column": 59 }, "end": { "line": 138, "column": 62 } }
        ],
        "line": 138
      },
      "18": {
        "loc": { "start": { "line": 143, "column": 6 }, "end": { "line": 148, "column": null } },
        "type": "if",
        "locations": [
          { "start": { "line": 143, "column": 6 }, "end": { "line": 148, "column": null } },
          { "start": {}, "end": {} }
        ],
        "line": 143
      },
      "19": {
        "loc": { "start": { "line": 161, "column": 2 }, "end": { "line": 167, "column": null } },
        "type": "if",
        "locations": [
          { "start": { "line": 161, "column": 2 }, "end": { "line": 167, "column": null } },
          { "start": {}, "end": {} }
        ],
        "line": 161
      },
      "20": {
        "loc": { "start": { "line": 192, "column": 8 }, "end": { "line": 199, "column": null } },
        "type": "if",
        "locations": [
          { "start": { "line": 192, "column": 8 }, "end": { "line": 199, "column": null } },
          { "start": { "line": 195, "column": 15 }, "end": { "line": 199, "column": null } }
        ],
        "line": 192
      },
      "21": {
        "loc": { "start": { "line": 196, "column": 24 }, "end": { "line": 196, "column": null } },
        "type": "cond-expr",
        "locations": [
          { "start": { "line": 196, "column": 33 }, "end": { "line": 196, "column": 52 } },
          { "start": { "line": 196, "column": 52 }, "end": { "line": 196, "column": null } }
        ],
        "line": 196
      },
      "22": {
        "loc": { "start": { "line": 234, "column": 4 }, "end": { "line": 234, "column": null } },
        "type": "default-arg",
        "locations": [
          { "start": { "line": 234, "column": 20 }, "end": { "line": 234, "column": null } }
        ],
        "line": 234
      },
      "23": {
        "loc": { "start": { "line": 235, "column": 4 }, "end": { "line": 235, "column": null } },
        "type": "default-arg",
        "locations": [
          { "start": { "line": 235, "column": 21 }, "end": { "line": 235, "column": null } }
        ],
        "line": 235
      },
      "24": {
        "loc": { "start": { "line": 236, "column": 4 }, "end": { "line": 236, "column": null } },
        "type": "default-arg",
        "locations": [
          { "start": { "line": 236, "column": 21 }, "end": { "line": 236, "column": null } }
        ],
        "line": 236
      },
      "25": {
        "loc": { "start": { "line": 237, "column": 4 }, "end": { "line": 237, "column": null } },
        "type": "default-arg",
        "locations": [
          { "start": { "line": 237, "column": 28 }, "end": { "line": 237, "column": null } }
        ],
        "line": 237
      },
      "26": {
        "loc": { "start": { "line": 264, "column": 8 }, "end": { "line": 264, "column": null } },
        "type": "if",
        "locations": [
          { "start": { "line": 264, "column": 8 }, "end": { "line": 264, "column": null } },
          { "start": {}, "end": {} }
        ],
        "line": 264
      },
      "27": {
        "loc": { "start": { "line": 273, "column": 4 }, "end": { "line": 273, "column": null } },
        "type": "if",
        "locations": [
          { "start": { "line": 273, "column": 4 }, "end": { "line": 273, "column": null } },
          { "start": {}, "end": {} }
        ],
        "line": 273
      },
      "28": {
        "loc": { "start": { "line": 329, "column": 10 }, "end": { "line": 329, "column": null } },
        "type": "if",
        "locations": [
          { "start": { "line": 329, "column": 10 }, "end": { "line": 329, "column": null } },
          { "start": {}, "end": {} }
        ],
        "line": 329
      },
      "29": {
        "loc": { "start": { "line": 332, "column": 10 }, "end": { "line": 334, "column": null } },
        "type": "if",
        "locations": [
          { "start": { "line": 332, "column": 10 }, "end": { "line": 334, "column": null } },
          { "start": {}, "end": {} }
        ],
        "line": 332
      },
      "30": {
        "loc": { "start": { "line": 350, "column": 4 }, "end": { "line": 350, "column": null } },
        "type": "if",
        "locations": [
          { "start": { "line": 350, "column": 4 }, "end": { "line": 350, "column": null } },
          { "start": {}, "end": {} }
        ],
        "line": 350
      },
      "31": {
        "loc": { "start": { "line": 350, "column": 8 }, "end": { "line": 350, "column": 50 } },
        "type": "binary-expr",
        "locations": [
          { "start": { "line": 350, "column": 8 }, "end": { "line": 350, "column": 24 } },
          { "start": { "line": 350, "column": 24 }, "end": { "line": 350, "column": 50 } }
        ],
        "line": 350
      },
      "32": {
        "loc": { "start": { "line": 366, "column": 47 }, "end": { "line": 366, "column": 64 } },
        "type": "binary-expr",
        "locations": [
          { "start": { "line": 366, "column": 47 }, "end": { "line": 366, "column": 59 } },
          { "start": { "line": 366, "column": 59 }, "end": { "line": 366, "column": 64 } }
        ],
        "line": 366
      },
      "33": {
        "loc": { "start": { "line": 366, "column": 64 }, "end": { "line": 366, "column": 78 } },
        "type": "binary-expr",
        "locations": [
          { "start": { "line": 366, "column": 64 }, "end": { "line": 366, "column": 77 } },
          { "start": { "line": 366, "column": 77 }, "end": { "line": 366, "column": 78 } }
        ],
        "line": 366
      },
      "34": {
        "loc": { "start": { "line": 372, "column": 4 }, "end": { "line": 372, "column": null } },
        "type": "if",
        "locations": [
          { "start": { "line": 372, "column": 4 }, "end": { "line": 372, "column": null } },
          { "start": {}, "end": {} }
        ],
        "line": 372
      },
      "35": {
        "loc": { "start": { "line": 372, "column": 8 }, "end": { "line": 372, "column": 50 } },
        "type": "binary-expr",
        "locations": [
          { "start": { "line": 372, "column": 8 }, "end": { "line": 372, "column": 24 } },
          { "start": { "line": 372, "column": 24 }, "end": { "line": 372, "column": 50 } }
        ],
        "line": 372
      },
      "36": {
        "loc": { "start": { "line": 389, "column": 11 }, "end": { "line": 389, "column": null } },
        "type": "binary-expr",
        "locations": [
          { "start": { "line": 389, "column": 11 }, "end": { "line": 389, "column": 25 } },
          { "start": { "line": 389, "column": 25 }, "end": { "line": 389, "column": null } }
        ],
        "line": 389
      },
      "37": {
        "loc": { "start": { "line": 428, "column": 4 }, "end": { "line": 434, "column": null } },
        "type": "if",
        "locations": [
          { "start": { "line": 428, "column": 4 }, "end": { "line": 434, "column": null } },
          { "start": {}, "end": {} }
        ],
        "line": 428
      },
      "38": {
        "loc": { "start": { "line": 442, "column": 26 }, "end": { "line": 442, "column": 58 } },
        "type": "cond-expr",
        "locations": [
          { "start": { "line": 442, "column": 32 }, "end": { "line": 442, "column": 56 } },
          { "start": { "line": 442, "column": 56 }, "end": { "line": 442, "column": 58 } }
        ],
        "line": 442
      },
      "39": {
        "loc": { "start": { "line": 448, "column": 4 }, "end": { "line": 453, "column": null } },
        "type": "if",
        "locations": [
          { "start": { "line": 448, "column": 4 }, "end": { "line": 453, "column": null } },
          { "start": {}, "end": {} }
        ],
        "line": 448
      },
      "40": {
        "loc": { "start": { "line": 464, "column": 4 }, "end": { "line": 464, "column": null } },
        "type": "if",
        "locations": [
          { "start": { "line": 464, "column": 4 }, "end": { "line": 464, "column": null } },
          { "start": {}, "end": {} }
        ],
        "line": 464
      },
      "41": {
        "loc": { "start": { "line": 477, "column": 10 }, "end": { "line": 481, "column": null } },
        "type": "if",
        "locations": [
          { "start": { "line": 477, "column": 10 }, "end": { "line": 481, "column": null } },
          { "start": {}, "end": {} }
        ],
        "line": 477
      }
    },
    "s": {
      "0": 0,
      "1": 0,
      "2": 0,
      "3": 0,
      "4": 0,
      "5": 0,
      "6": 0,
      "7": 0,
      "8": 0,
      "9": 0,
      "10": 0,
      "11": 0,
      "12": 0,
      "13": 0,
      "14": 0,
      "15": 0,
      "16": 0,
      "17": 0,
      "18": 0,
      "19": 0,
      "20": 0,
      "21": 0,
      "22": 0,
      "23": 0,
      "24": 0,
      "25": 0,
      "26": 0,
      "27": 0,
      "28": 0,
      "29": 0,
      "30": 0,
      "31": 0,
      "32": 0,
      "33": 0,
      "34": 0,
      "35": 0,
      "36": 0,
      "37": 0,
      "38": 0,
      "39": 0,
      "40": 0,
      "41": 0,
      "42": 0,
      "43": 0,
      "44": 0,
      "45": 0,
      "46": 0,
      "47": 0,
      "48": 0,
      "49": 0,
      "50": 0,
      "51": 0,
      "52": 0,
      "53": 0,
      "54": 0,
      "55": 0,
      "56": 0,
      "57": 0,
      "58": 0,
      "59": 0,
      "60": 0,
      "61": 0,
      "62": 0,
      "63": 0,
      "64": 0,
      "65": 0,
      "66": 0,
      "67": 0,
      "68": 0,
      "69": 0,
      "70": 0,
      "71": 0,
      "72": 0,
      "73": 0,
      "74": 0,
      "75": 0,
      "76": 0,
      "77": 0,
      "78": 0,
      "79": 0,
      "80": 0,
      "81": 0,
      "82": 0,
      "83": 0,
      "84": 0,
      "85": 0,
      "86": 0,
      "87": 0,
      "88": 0,
      "89": 0,
      "90": 0,
      "91": 0,
      "92": 0,
      "93": 0,
      "94": 0,
      "95": 0,
      "96": 0,
      "97": 0,
      "98": 0,
      "99": 0,
      "100": 0,
      "101": 0,
      "102": 0,
      "103": 0,
      "104": 0,
      "105": 0,
      "106": 0,
      "107": 0,
      "108": 0,
      "109": 0,
      "110": 0,
      "111": 0,
      "112": 0,
      "113": 0,
      "114": 0,
      "115": 0,
      "116": 0,
      "117": 0,
      "118": 0,
      "119": 0,
      "120": 0,
      "121": 0,
      "122": 0,
      "123": 0,
      "124": 0,
      "125": 0,
      "126": 0,
      "127": 0,
      "128": 0,
      "129": 0,
      "130": 0,
      "131": 0,
      "132": 0,
      "133": 0,
      "134": 0,
      "135": 0,
      "136": 0,
      "137": 0,
      "138": 0,
      "139": 0,
      "140": 0,
      "141": 0,
      "142": 0,
      "143": 0,
      "144": 0,
      "145": 0,
      "146": 0,
      "147": 0,
      "148": 0,
      "149": 0,
      "150": 0,
      "151": 0,
      "152": 0,
      "153": 0,
      "154": 0,
      "155": 0,
      "156": 0,
      "157": 0,
      "158": 0,
      "159": 0,
      "160": 0,
      "161": 0,
      "162": 0,
      "163": 0,
      "164": 0,
      "165": 0,
      "166": 0,
      "167": 0,
      "168": 0,
      "169": 0,
      "170": 0,
      "171": 0,
      "172": 0,
      "173": 0,
      "174": 0,
      "175": 0,
      "176": 0,
      "177": 0,
      "178": 0,
      "179": 0,
      "180": 0,
      "181": 0,
      "182": 0
    },
    "f": {
      "0": 0,
      "1": 0,
      "2": 0,
      "3": 0,
      "4": 0,
      "5": 0,
      "6": 0,
      "7": 0,
      "8": 0,
      "9": 0,
      "10": 0,
      "11": 0,
      "12": 0,
      "13": 0,
      "14": 0,
      "15": 0,
      "16": 0,
      "17": 0,
      "18": 0,
      "19": 0,
      "20": 0,
      "21": 0,
      "22": 0,
      "23": 0,
      "24": 0,
      "25": 0,
      "26": 0,
      "27": 0,
      "28": 0,
      "29": 0,
      "30": 0,
      "31": 0,
      "32": 0,
      "33": 0,
      "34": 0,
      "35": 0,
      "36": 0
    },
    "b": {
      "0": [0, 0],
      "1": [0, 0],
      "2": [0],
      "3": [0],
      "4": [0, 0],
      "5": [0, 0, 0, 0, 0],
      "6": [0, 0],
      "7": [0, 0],
      "8": [0, 0],
      "9": [0, 0],
      "10": [0, 0],
      "11": [0, 0],
      "12": [0, 0],
      "13": [0, 0],
      "14": [0, 0],
      "15": [0, 0],
      "16": [0, 0],
      "17": [0, 0],
      "18": [0, 0],
      "19": [0, 0],
      "20": [0, 0],
      "21": [0, 0],
      "22": [0],
      "23": [0],
      "24": [0],
      "25": [0],
      "26": [0, 0],
      "27": [0, 0],
      "28": [0, 0],
      "29": [0, 0],
      "30": [0, 0],
      "31": [0, 0],
      "32": [0, 0],
      "33": [0, 0],
      "34": [0, 0],
      "35": [0, 0],
      "36": [0, 0],
      "37": [0, 0],
      "38": [0, 0],
      "39": [0, 0],
      "40": [0, 0],
      "41": [0, 0]
    },
    "meta": {
      "lastBranch": 42,
      "lastFunction": 37,
      "lastStatement": 183,
      "seen": {
        "s:4:17:4:Infinity": 0,
        "s:32:6:32:Infinity": 1,
        "s:33:6:33:Infinity": 2,
        "s:34:11:34:Infinity": 3,
        "s:37:0:41:Infinity": 4,
        "f:37:28:37:29": 0,
        "b:38:2:38:Infinity:undefined:undefined:undefined:undefined": 0,
        "s:38:2:38:Infinity": 5,
        "s:38:17:38:Infinity": 6,
        "s:39:16:39:Infinity": 7,
        "s:40:2:40:Infinity": 8,
        "b:40:28:40:57:40:57:40:Infinity": 1,
        "s:43:25:57:Infinity": 9,
        "f:43:25:43:26": 1,
        "b:43:43:43:51": 2,
        "b:43:75:43:86": 3,
        "s:44:14:44:Infinity": 10,
        "b:44:32:44:40:44:40:44:Infinity": 4,
        "b:46:4:47:Infinity:48:4:49:Infinity:50:4:51:Infinity:52:4:52:Infinity:53:4:55:Infinity": 5,
        "s:45:2:56:Infinity": 11,
        "s:47:6:47:Infinity": 12,
        "s:49:6:49:Infinity": 13,
        "s:51:6:51:Infinity": 14,
        "s:55:6:55:Infinity": 15,
        "s:60:0:92:Infinity": 16,
        "b:95:0:155:Infinity:undefined:undefined:undefined:undefined": 6,
        "s:95:0:155:Infinity": 17,
        "s:96:2:154:Infinity": 18,
        "s:97:17:97:Infinity": 19,
        "s:98:4:149:Infinity": 20,
        "f:98:19:98:25": 2,
        "s:100:24:102:Infinity": 21,
        "s:103:6:105:Infinity": 22,
        "b:103:24:103:39:103:39:103:43": 7,
        "s:104:8:104:Infinity": 23,
        "b:104:36:104:48:104:48:104:54": 8,
        "b:104:86:104:90:104:90:104:91": 9,
        "s:108:24:108:Infinity": 24,
        "s:109:6:111:Infinity": 25,
        "b:109:24:109:37:109:37:109:41": 10,
        "s:110:8:110:Infinity": 26,
        "b:110:50:110:54:110:54:110:55": 11,
        "s:114:25:116:Infinity": 27,
        "s:118:21:118:Infinity": 28,
        "s:119:6:121:Infinity": 29,
        "f:121:17:121:18": 3,
        "s:121:31:121:63": 30,
        "s:122:21:122:Infinity": 31,
        "s:123:6:125:Infinity": 32,
        "f:125:17:125:18": 4,
        "s:125:31:125:59": 33,
        "s:127:24:127:Infinity": 34,
        "s:128:6:128:Infinity": 35,
        "b:128:24:128:39:128:39:128:43": 12,
        "s:128:43:128:Infinity": 36,
        "s:129:24:129:Infinity": 37,
        "s:130:6:130:Infinity": 38,
        "b:130:24:130:37:130:37:130:41": 13,
        "s:130:41:130:Infinity": 39,
        "s:132:6:140:Infinity": 40,
        "b:132:25:132:44:132:44:132:48": 14,
        "s:133:25:133:Infinity": 41,
        "s:134:24:134:Infinity": 42,
        "s:135:25:135:Infinity": 43,
        "s:136:25:136:Infinity": 44,
        "b:137:8:139:Infinity:undefined:undefined:undefined:undefined": 15,
        "s:137:8:139:Infinity": 45,
        "b:137:12:137:24:137:24:137:34": 16,
        "s:138:10:138:Infinity": 46,
        "b:138:45:138:59:138:59:138:62": 17,
        "b:143:6:148:Infinity:undefined:undefined:undefined:undefined": 18,
        "s:143:6:148:Infinity": 47,
        "s:144:8:147:Infinity": 48,
        "s:150:4:150:Infinity": 49,
        "s:151:4:151:Infinity": 50,
        "s:153:4:153:Infinity": 51,
        "s:158:0:170:Infinity": 52,
        "s:159:20:159:Infinity": 53,
        "s:160:24:160:Infinity": 54,
        "f:160:39:160:40": 5,
        "s:160:53:160:84": 55,
        "b:161:2:167:Infinity:undefined:undefined:undefined:undefined": 19,
        "s:161:2:167:Infinity": 56,
        "s:162:4:162:Infinity": 57,
        "s:163:4:163:Infinity": 58,
        "s:164:4:166:Infinity": 59,
        "s:169:2:169:Infinity": 60,
        "s:173:0:179:Infinity": 61,
        "s:174:2:176:Infinity": 62,
        "s:178:2:178:Infinity": 63,
        "s:181:32:204:Infinity": 64,
        "f:182:7:182:14": 6,
        "s:183:75:183:Infinity": 65,
        "s:184:22:184:Infinity": 66,
        "s:185:23:187:Infinity": 67,
        "s:189:4:201:Infinity": 68,
        "f:189:19:189:25": 7,
        "s:190:6:200:Infinity": 69,
        "s:191:25:191:Infinity": 70,
        "b:192:8:199:Infinity:195:15:199:Infinity": 20,
        "s:192:8:199:Infinity": 71,
        "s:193:10:193:Infinity": 72,
        "s:196:24:196:Infinity": 73,
        "b:196:33:196:52:196:52:196:Infinity": 21,
        "s:197:22:197:Infinity": 74,
        "s:198:10:198:Infinity": 75,
        "s:202:4:202:Infinity": 76,
        "s:206:27:212:Infinity": 77,
        "f:207:7:207:14": 8,
        "s:208:20:208:Infinity": 78,
        "s:209:16:209:Infinity": 79,
        "s:210:4:210:Infinity": 80,
        "s:214:34:218:Infinity": 81,
        "f:215:7:215:14": 9,
        "s:216:4:216:Infinity": 82,
        "s:220:36:224:Infinity": 83,
        "f:221:7:221:19": 10,
        "s:222:4:222:Infinity": 84,
        "s:226:24:230:Infinity": 85,
        "f:227:7:227:14": 11,
        "s:228:4:228:Infinity": 86,
        "s:232:28:249:Infinity": 87,
        "f:233:7:233:Infinity": 12,
        "b:234:20:234:Infinity": 22,
        "b:235:21:235:Infinity": 23,
        "b:236:21:236:Infinity": 24,
        "b:237:28:237:Infinity": 25,
        "s:239:4:247:Infinity": 88,
        "s:251:29:256:Infinity": 89,
        "f:252:7:252:19": 13,
        "s:253:16:253:Infinity": 90,
        "s:254:4:254:Infinity": 91,
        "s:258:30:268:Infinity": 92,
        "f:259:7:259:14": 14,
        "s:260:17:260:Infinity": 93,
        "s:261:4:266:Infinity": 94,
        "f:261:19:261:25": 15,
        "s:262:6:265:Infinity": 95,
        "s:263:24:263:Infinity": 96,
        "b:264:8:264:Infinity:undefined:undefined:undefined:undefined": 26,
        "s:264:8:264:Infinity": 97,
        "s:264:21:264:Infinity": 98,
        "s:270:25:277:Infinity": 99,
        "f:271:7:271:14": 16,
        "s:272:16:272:Infinity": 100,
        "b:273:4:273:Infinity:undefined:undefined:undefined:undefined": 27,
        "s:273:4:273:Infinity": 101,
        "s:273:25:273:Infinity": 102,
        "s:274:21:274:Infinity": 103,
        "s:275:4:275:Infinity": 104,
        "s:279:26:294:Infinity": 105,
        "f:280:7:280:19": 17,
        "s:282:4:292:Infinity": 106,
        "s:296:33:301:Infinity": 107,
        "f:297:7:297:14": 18,
        "s:298:4:298:Infinity": 108,
        "s:299:4:299:Infinity": 109,
        "s:303:33:314:Infinity": 110,
        "f:304:7:304:14": 19,
        "s:305:17:307:Infinity": 111,
        "s:308:4:312:Infinity": 112,
        "f:308:19:308:25": 20,
        "s:309:6:311:Infinity": 113,
        "s:310:8:310:Infinity": 114,
        "s:316:39:340:Infinity": 115,
        "f:317:7:317:14": 21,
        "s:318:26:318:Infinity": 116,
        "s:319:25:319:Infinity": 117,
        "s:320:21:322:Infinity": 118,
        "s:323:25:323:Infinity": 119,
        "s:325:4:338:Infinity": 120,
        "f:325:19:325:25": 22,
        "s:326:6:337:Infinity": 121,
        "s:327:8:335:Infinity": 122,
        "s:328:23:328:Infinity": 123,
        "b:329:10:329:Infinity:undefined:undefined:undefined:undefined": 28,
        "s:329:10:329:Infinity": 124,
        "s:329:21:329:Infinity": 125,
        "s:330:10:330:Infinity": 126,
        "s:331:22:331:Infinity": 127,
        "b:332:10:334:Infinity:undefined:undefined:undefined:undefined": 29,
        "s:332:10:334:Infinity": 128,
        "s:333:12:333:Infinity": 129,
        "s:336:8:336:Infinity": 130,
        "s:342:31:368:Infinity": 131,
        "f:343:7:343:14": 23,
        "b:350:4:350:Infinity:undefined:undefined:undefined:undefined": 30,
        "s:350:4:350:Infinity": 132,
        "b:350:8:350:24:350:24:350:50": 31,
        "s:350:50:350:Infinity": 133,
        "s:352:25:352:Infinity": 134,
        "f:352:41:352:47": 24,
        "s:352:47:352:50": 135,
        "s:353:4:366:Infinity": 136,
        "b:366:47:366:59:366:59:366:64": 32,
        "b:366:64:366:77:366:77:366:78": 33,
        "s:370:36:391:Infinity": 137,
        "f:371:7:371:14": 25,
        "b:372:4:372:Infinity:undefined:undefined:undefined:undefined": 34,
        "s:372:4:372:Infinity": 138,
        "b:372:8:372:24:372:24:372:50": 35,
        "s:372:50:372:Infinity": 139,
        "s:374:25:374:Infinity": 140,
        "f:374:41:374:47": 26,
        "s:374:47:374:50": 141,
        "s:375:16:388:Infinity": 142,
        "s:389:4:389:Infinity": 143,
        "b:389:11:389:25:389:25:389:Infinity": 36,
        "s:393:31:407:Infinity": 144,
        "f:394:7:394:14": 27,
        "s:395:4:405:Infinity": 145,
        "s:409:29:417:Infinity": 146,
        "f:410:7:410:19": 28,
        "s:411:4:415:Infinity": 147,
        "f:411:19:411:25": 29,
        "s:412:6:412:Infinity": 148,
        "s:413:6:413:Infinity": 149,
        "s:414:6:414:Infinity": 150,
        "s:419:30:423:Infinity": 151,
        "f:420:7:420:19": 30,
        "s:421:4:421:Infinity": 152,
        "s:425:33:437:Infinity": 153,
        "f:426:7:426:14": 31,
        "s:427:16:427:Infinity": 154,
        "b:428:4:434:Infinity:undefined:undefined:undefined:undefined": 37,
        "s:428:4:434:Infinity": 155,
        "s:429:6:432:Infinity": 156,
        "f:429:21:429:27": 32,
        "s:430:8:430:Infinity": 157,
        "s:431:8:431:Infinity": 158,
        "s:433:6:433:Infinity": 159,
        "s:435:4:435:Infinity": 160,
        "s:439:27:444:Infinity": 161,
        "f:440:7:440:19": 33,
        "s:441:16:441:Infinity": 162,
        "s:442:4:442:Infinity": 163,
        "b:442:32:442:56:442:56:442:58": 38,
        "s:446:30:456:Infinity": 164,
        "f:447:7:447:14": 34,
        "b:448:4:453:Infinity:undefined:undefined:undefined:undefined": 39,
        "s:448:4:453:Infinity": 165,
        "s:449:6:452:Infinity": 166,
        "s:454:4:454:Infinity": 167,
        "s:459:33:489:Infinity": 168,
        "f:460:7:460:19": 35,
        "s:461:19:463:Infinity": 169,
        "b:464:4:464:Infinity:undefined:undefined:undefined:undefined": 40,
        "s:464:4:464:Infinity": 170,
        "s:464:29:464:Infinity": 171,
        "s:466:23:466:Infinity": 172,
        "s:467:18:467:Infinity": 173,
        "s:469:4:486:Infinity": 174,
        "f:469:19:469:25": 36,
        "s:470:6:485:Infinity": 175,
        "s:471:8:484:Infinity": 176,
        "s:476:21:476:Infinity": 177,
        "b:477:10:481:Infinity:undefined:undefined:undefined:undefined": 41,
        "s:477:10:481:Infinity": 178,
        "s:478:26:478:Infinity": 179,
        "s:479:12:479:Infinity": 180,
        "s:480:12:480:Infinity": 181,
        "s:487:4:487:Infinity": 182
      }
    }
  },
  "F:\\codes\\antigravity\\taggedviewer\\src\\main\\index.ts": {
    "path": "F:\\codes\\antigravity\\taggedviewer\\src\\main\\index.ts",
    "statementMap": {
      "0": { "start": { "line": 8, "column": 2 }, "end": { "line": 18, "column": null } },
      "1": { "start": { "line": 12, "column": 32 }, "end": { "line": 12, "column": null } },
      "2": { "start": { "line": 13, "column": 4 }, "end": { "line": 13, "column": null } },
      "3": { "start": { "line": 16, "column": 29 }, "end": { "line": 16, "column": null } },
      "4": { "start": { "line": 17, "column": 4 }, "end": { "line": 17, "column": null } },
      "5": { "start": { "line": 21, "column": 0 }, "end": { "line": 24, "column": null } },
      "6": { "start": { "line": 22, "column": 2 }, "end": { "line": 22, "column": null } },
      "7": { "start": { "line": 23, "column": 2 }, "end": { "line": 23, "column": null } }
    },
    "fnMap": {
      "0": {
        "name": "bootstrap",
        "decl": { "start": { "line": 7, "column": 15 }, "end": { "line": 7, "column": 27 } },
        "loc": { "start": { "line": 7, "column": 27 }, "end": { "line": 19, "column": null } },
        "line": 7
      },
      "1": {
        "name": "(anonymous_1)",
        "decl": { "start": { "line": 21, "column": 18 }, "end": { "line": 21, "column": 19 } },
        "loc": { "start": { "line": 21, "column": 27 }, "end": { "line": 24, "column": 1 } },
        "line": 21
      }
    },
    "branchMap": {
      "0": {
        "loc": { "start": { "line": 8, "column": 2 }, "end": { "line": 18, "column": null } },
        "type": "if",
        "locations": [
          { "start": { "line": 8, "column": 2 }, "end": { "line": 18, "column": null } },
          { "start": { "line": 14, "column": 9 }, "end": { "line": 18, "column": null } }
        ],
        "line": 8
      }
    },
    "s": { "0": 0, "1": 0, "2": 0, "3": 0, "4": 0, "5": 0, "6": 0, "7": 0 },
    "f": { "0": 0, "1": 0 },
    "b": { "0": [0, 0] },
    "meta": {
      "lastBranch": 1,
      "lastFunction": 2,
      "lastStatement": 8,
      "seen": {
        "f:7:15:7:27": 0,
        "b:8:2:18:Infinity:14:9:18:Infinity": 0,
        "s:8:2:18:Infinity": 0,
        "s:12:32:12:Infinity": 1,
        "s:13:4:13:Infinity": 2,
        "s:16:29:16:Infinity": 3,
        "s:17:4:17:Infinity": 4,
        "s:21:0:24:Infinity": 5,
        "f:21:18:21:19": 1,
        "s:22:2:22:Infinity": 6,
        "s:23:2:23:Infinity": 7
      }
    }
  },
  "F:\\codes\\antigravity\\taggedviewer\\src\\main\\ipc.ts": {
    "path": "F:\\codes\\antigravity\\taggedviewer\\src\\main\\ipc.ts",
    "statementMap": {
      "0": { "start": { "line": 22, "column": 2 }, "end": { "line": 25, "column": null } },
      "1": { "start": { "line": 23, "column": 4 }, "end": { "line": 23, "column": null } },
      "2": { "start": { "line": 24, "column": 4 }, "end": { "line": 24, "column": null } },
      "3": { "start": { "line": 27, "column": 2 }, "end": { "line": 33, "column": null } },
      "4": { "start": { "line": 28, "column": 36 }, "end": { "line": 30, "column": null } },
      "5": { "start": { "line": 31, "column": 4 }, "end": { "line": 31, "column": null } },
      "6": { "start": { "line": 31, "column": 18 }, "end": { "line": 31, "column": null } },
      "7": { "start": { "line": 32, "column": 4 }, "end": { "line": 32, "column": null } },
      "8": { "start": { "line": 35, "column": 2 }, "end": { "line": 63, "column": null } },
      "9": { "start": { "line": 36, "column": 4 }, "end": { "line": 36, "column": null } },
      "10": { "start": { "line": 37, "column": 10 }, "end": { "line": 37, "column": null } },
      "11": { "start": { "line": 40, "column": 23 }, "end": { "line": 40, "column": null } },
      "12": { "start": { "line": 41, "column": 4 }, "end": { "line": 59, "column": null } },
      "13": { "start": { "line": 41, "column": 17 }, "end": { "line": 41, "column": 20 } },
      "14": { "start": { "line": 42, "column": 6 }, "end": { "line": 42, "column": null } },
      "15": { "start": { "line": 42, "column": 36 }, "end": { "line": 42, "column": null } },
      "16": { "start": { "line": 43, "column": 20 }, "end": { "line": 43, "column": null } },
      "17": { "start": { "line": 45, "column": 24 }, "end": { "line": 45, "column": null } },
      "18": { "start": { "line": 45, "column": 41 }, "end": { "line": 45, "column": 47 } },
      "19": { "start": { "line": 46, "column": 21 }, "end": { "line": 52, "column": null } },
      "20": { "start": { "line": 48, "column": 10 }, "end": { "line": 48, "column": null } },
      "21": { "start": { "line": 49, "column": 10 }, "end": { "line": 49, "column": null } },
      "22": { "start": { "line": 54, "column": 6 }, "end": { "line": 54, "column": null } },
      "23": { "start": { "line": 55, "column": 6 }, "end": { "line": 58, "column": null } },
      "24": { "start": { "line": 62, "column": 4 }, "end": { "line": 62, "column": null } },
      "25": { "start": { "line": 65, "column": 2 }, "end": { "line": 67, "column": null } },
      "26": { "start": { "line": 66, "column": 4 }, "end": { "line": 66, "column": null } },
      "27": { "start": { "line": 69, "column": 2 }, "end": { "line": 74, "column": null } },
      "28": { "start": { "line": 72, "column": 6 }, "end": { "line": 72, "column": null } },
      "29": { "start": { "line": 76, "column": 2 }, "end": { "line": 79, "column": null } },
      "30": { "start": { "line": 77, "column": 30 }, "end": { "line": 77, "column": null } },
      "31": { "start": { "line": 78, "column": 4 }, "end": { "line": 78, "column": null } },
      "32": { "start": { "line": 81, "column": 2 }, "end": { "line": 83, "column": null } },
      "33": { "start": { "line": 82, "column": 4 }, "end": { "line": 82, "column": null } },
      "34": { "start": { "line": 85, "column": 2 }, "end": { "line": 98, "column": null } },
      "35": { "start": { "line": 95, "column": 34 }, "end": { "line": 95, "column": null } },
      "36": { "start": { "line": 96, "column": 6 }, "end": { "line": 96, "column": null } },
      "37": { "start": { "line": 100, "column": 2 }, "end": { "line": 103, "column": null } },
      "38": { "start": { "line": 101, "column": 37 }, "end": { "line": 101, "column": null } },
      "39": { "start": { "line": 102, "column": 4 }, "end": { "line": 102, "column": null } },
      "40": { "start": { "line": 105, "column": 2 }, "end": { "line": 108, "column": null } },
      "41": { "start": { "line": 106, "column": 4 }, "end": { "line": 106, "column": null } },
      "42": { "start": { "line": 107, "column": 4 }, "end": { "line": 107, "column": null } },
      "43": { "start": { "line": 110, "column": 2 }, "end": { "line": 112, "column": null } },
      "44": { "start": { "line": 111, "column": 4 }, "end": { "line": 111, "column": null } },
      "45": { "start": { "line": 114, "column": 2 }, "end": { "line": 116, "column": null } },
      "46": { "start": { "line": 115, "column": 4 }, "end": { "line": 115, "column": null } },
      "47": { "start": { "line": 118, "column": 2 }, "end": { "line": 121, "column": null } },
      "48": { "start": { "line": 119, "column": 4 }, "end": { "line": 119, "column": null } },
      "49": { "start": { "line": 120, "column": 4 }, "end": { "line": 120, "column": null } },
      "50": { "start": { "line": 123, "column": 2 }, "end": { "line": 127, "column": null } },
      "51": { "start": { "line": 124, "column": 21 }, "end": { "line": 124, "column": null } },
      "52": { "start": { "line": 125, "column": 4 }, "end": { "line": 125, "column": null } },
      "53": { "start": { "line": 126, "column": 4 }, "end": { "line": 126, "column": null } },
      "54": { "start": { "line": 129, "column": 2 }, "end": { "line": 134, "column": null } },
      "55": { "start": { "line": 130, "column": 4 }, "end": { "line": 132, "column": null } },
      "56": { "start": { "line": 131, "column": 6 }, "end": { "line": 131, "column": null } },
      "57": { "start": { "line": 133, "column": 4 }, "end": { "line": 133, "column": null } },
      "58": { "start": { "line": 136, "column": 2 }, "end": { "line": 153, "column": null } },
      "59": { "start": { "line": 137, "column": 19 }, "end": { "line": 137, "column": null } },
      "60": { "start": { "line": 138, "column": 4 }, "end": { "line": 138, "column": null } },
      "61": { "start": { "line": 140, "column": 18 }, "end": { "line": 140, "column": null } },
      "62": { "start": { "line": 141, "column": 4 }, "end": { "line": 146, "column": null } },
      "63": { "start": { "line": 142, "column": 6 }, "end": { "line": 145, "column": null } },
      "64": { "start": { "line": 143, "column": 8 }, "end": { "line": 143, "column": null } },
      "65": { "start": { "line": 144, "column": 8 }, "end": { "line": 144, "column": null } },
      "66": { "start": { "line": 147, "column": 4 }, "end": { "line": 147, "column": null } },
      "67": { "start": { "line": 149, "column": 4 }, "end": { "line": 149, "column": null } },
      "68": { "start": { "line": 151, "column": 4 }, "end": { "line": 151, "column": null } },
      "69": { "start": { "line": 152, "column": 4 }, "end": { "line": 152, "column": null } },
      "70": { "start": { "line": 155, "column": 2 }, "end": { "line": 157, "column": null } },
      "71": { "start": { "line": 156, "column": 4 }, "end": { "line": 156, "column": null } },
      "72": { "start": { "line": 159, "column": 2 }, "end": { "line": 164, "column": null } },
      "73": { "start": { "line": 160, "column": 4 }, "end": { "line": 162, "column": null } },
      "74": { "start": { "line": 161, "column": 6 }, "end": { "line": 161, "column": null } },
      "75": { "start": { "line": 163, "column": 4 }, "end": { "line": 163, "column": null } },
      "76": { "start": { "line": 171, "column": 2 }, "end": { "line": 176, "column": null } },
      "77": { "start": { "line": 172, "column": 4 }, "end": { "line": 172, "column": null } },
      "78": { "start": { "line": 173, "column": 19 }, "end": { "line": 173, "column": null } },
      "79": { "start": { "line": 174, "column": 4 }, "end": { "line": 174, "column": null } },
      "80": { "start": { "line": 175, "column": 4 }, "end": { "line": 175, "column": null } }
    },
    "fnMap": {
      "0": {
        "name": "setupIPC",
        "decl": { "start": { "line": 21, "column": 16 }, "end": { "line": 21, "column": 25 } },
        "loc": { "start": { "line": 21, "column": 52 }, "end": { "line": 177, "column": null } },
        "line": 21
      },
      "1": {
        "name": "(anonymous_1)",
        "decl": { "start": { "line": 22, "column": 38 }, "end": { "line": 22, "column": 50 } },
        "loc": { "start": { "line": 22, "column": 50 }, "end": { "line": 25, "column": 3 } },
        "line": 22
      },
      "2": {
        "name": "(anonymous_2)",
        "decl": { "start": { "line": 27, "column": 41 }, "end": { "line": 27, "column": 53 } },
        "loc": { "start": { "line": 27, "column": 53 }, "end": { "line": 33, "column": 3 } },
        "line": 27
      },
      "3": {
        "name": "(anonymous_3)",
        "decl": { "start": { "line": 35, "column": 31 }, "end": { "line": 35, "column": 38 } },
        "loc": { "start": { "line": 35, "column": 61 }, "end": { "line": 63, "column": 3 } },
        "line": 35
      },
      "4": {
        "name": "(anonymous_4)",
        "decl": { "start": { "line": 45, "column": 34 }, "end": { "line": 45, "column": 35 } },
        "loc": { "start": { "line": 45, "column": 41 }, "end": { "line": 45, "column": 47 } },
        "line": 45
      },
      "5": {
        "name": "(anonymous_5)",
        "decl": { "start": { "line": 47, "column": 8 }, "end": { "line": 47, "column": 9 } },
        "loc": { "start": { "line": 47, "column": 20 }, "end": { "line": 50, "column": null } },
        "line": 47
      },
      "6": {
        "name": "(anonymous_6)",
        "decl": { "start": { "line": 65, "column": 32 }, "end": { "line": 65, "column": 44 } },
        "loc": { "start": { "line": 65, "column": 44 }, "end": { "line": 67, "column": 3 } },
        "line": 65
      },
      "7": {
        "name": "(anonymous_7)",
        "decl": { "start": { "line": 71, "column": 4 }, "end": { "line": 71, "column": 11 } },
        "loc": { "start": { "line": 71, "column": 91 }, "end": { "line": 73, "column": null } },
        "line": 71
      },
      "8": {
        "name": "(anonymous_8)",
        "decl": { "start": { "line": 76, "column": 37 }, "end": { "line": 76, "column": 49 } },
        "loc": { "start": { "line": 76, "column": 49 }, "end": { "line": 79, "column": 3 } },
        "line": 76
      },
      "9": {
        "name": "(anonymous_9)",
        "decl": { "start": { "line": 81, "column": 31 }, "end": { "line": 81, "column": 43 } },
        "loc": { "start": { "line": 81, "column": 43 }, "end": { "line": 83, "column": 3 } },
        "line": 81
      },
      "10": {
        "name": "(anonymous_10)",
        "decl": { "start": { "line": 87, "column": 4 }, "end": { "line": 87, "column": null } },
        "loc": { "start": { "line": 94, "column": 9 }, "end": { "line": 97, "column": null } },
        "line": 94
      },
      "11": {
        "name": "(anonymous_11)",
        "decl": { "start": { "line": 100, "column": 44 }, "end": { "line": 100, "column": 51 } },
        "loc": { "start": { "line": 100, "column": 77 }, "end": { "line": 103, "column": 3 } },
        "line": 100
      },
      "12": {
        "name": "(anonymous_12)",
        "decl": { "start": { "line": 105, "column": 29 }, "end": { "line": 105, "column": 41 } },
        "loc": { "start": { "line": 105, "column": 41 }, "end": { "line": 108, "column": 3 } },
        "line": 105
      },
      "13": {
        "name": "(anonymous_13)",
        "decl": { "start": { "line": 110, "column": 41 }, "end": { "line": 110, "column": 48 } },
        "loc": { "start": { "line": 110, "column": 66 }, "end": { "line": 112, "column": 3 } },
        "line": 110
      },
      "14": {
        "name": "(anonymous_14)",
        "decl": { "start": { "line": 114, "column": 39 }, "end": { "line": 114, "column": 46 } },
        "loc": { "start": { "line": 114, "column": 69 }, "end": { "line": 116, "column": 3 } },
        "line": 114
      },
      "15": {
        "name": "(anonymous_15)",
        "decl": { "start": { "line": 118, "column": 43 }, "end": { "line": 118, "column": 50 } },
        "loc": { "start": { "line": 118, "column": 74 }, "end": { "line": 121, "column": 3 } },
        "line": 118
      },
      "16": {
        "name": "(anonymous_16)",
        "decl": { "start": { "line": 123, "column": 33 }, "end": { "line": 123, "column": 45 } },
        "loc": { "start": { "line": 123, "column": 45 }, "end": { "line": 127, "column": 3 } },
        "line": 123
      },
      "17": {
        "name": "(anonymous_17)",
        "decl": { "start": { "line": 129, "column": 33 }, "end": { "line": 129, "column": 40 } },
        "loc": { "start": { "line": 129, "column": 61 }, "end": { "line": 134, "column": 3 } },
        "line": 129
      },
      "18": {
        "name": "(anonymous_18)",
        "decl": { "start": { "line": 136, "column": 31 }, "end": { "line": 136, "column": 43 } },
        "loc": { "start": { "line": 136, "column": 43 }, "end": { "line": 153, "column": 3 } },
        "line": 136
      },
      "19": {
        "name": "(anonymous_19)",
        "decl": { "start": { "line": 155, "column": 35 }, "end": { "line": 155, "column": 41 } },
        "loc": { "start": { "line": 155, "column": 41 }, "end": { "line": 157, "column": 3 } },
        "line": 155
      },
      "20": {
        "name": "(anonymous_20)",
        "decl": { "start": { "line": 159, "column": 40 }, "end": { "line": 159, "column": 52 } },
        "loc": { "start": { "line": 159, "column": 52 }, "end": { "line": 164, "column": 3 } },
        "line": 159
      },
      "21": {
        "name": "(anonymous_21)",
        "decl": { "start": { "line": 171, "column": 44 }, "end": { "line": 171, "column": 56 } },
        "loc": { "start": { "line": 171, "column": 56 }, "end": { "line": 176, "column": 3 } },
        "line": 171
      }
    },
    "branchMap": {
      "0": {
        "loc": { "start": { "line": 31, "column": 4 }, "end": { "line": 31, "column": null } },
        "type": "if",
        "locations": [
          { "start": { "line": 31, "column": 4 }, "end": { "line": 31, "column": null } },
          { "start": {}, "end": {} }
        ],
        "line": 31
      },
      "1": {
        "loc": { "start": { "line": 42, "column": 6 }, "end": { "line": 42, "column": null } },
        "type": "if",
        "locations": [
          { "start": { "line": 42, "column": 6 }, "end": { "line": 42, "column": null } },
          { "start": {}, "end": {} }
        ],
        "line": 42
      },
      "2": {
        "loc": { "start": { "line": 130, "column": 4 }, "end": { "line": 132, "column": null } },
        "type": "if",
        "locations": [
          { "start": { "line": 130, "column": 4 }, "end": { "line": 132, "column": null } },
          { "start": {}, "end": {} }
        ],
        "line": 130
      },
      "3": {
        "loc": { "start": { "line": 142, "column": 6 }, "end": { "line": 145, "column": null } },
        "type": "if",
        "locations": [
          { "start": { "line": 142, "column": 6 }, "end": { "line": 145, "column": null } },
          { "start": {}, "end": {} }
        ],
        "line": 142
      },
      "4": {
        "loc": { "start": { "line": 160, "column": 4 }, "end": { "line": 162, "column": null } },
        "type": "if",
        "locations": [
          { "start": { "line": 160, "column": 4 }, "end": { "line": 162, "column": null } },
          { "start": {}, "end": {} }
        ],
        "line": 160
      }
    },
    "s": {
      "0": 0,
      "1": 0,
      "2": 0,
      "3": 0,
      "4": 0,
      "5": 0,
      "6": 0,
      "7": 0,
      "8": 0,
      "9": 0,
      "10": 0,
      "11": 0,
      "12": 0,
      "13": 0,
      "14": 0,
      "15": 0,
      "16": 0,
      "17": 0,
      "18": 0,
      "19": 0,
      "20": 0,
      "21": 0,
      "22": 0,
      "23": 0,
      "24": 0,
      "25": 0,
      "26": 0,
      "27": 0,
      "28": 0,
      "29": 0,
      "30": 0,
      "31": 0,
      "32": 0,
      "33": 0,
      "34": 0,
      "35": 0,
      "36": 0,
      "37": 0,
      "38": 0,
      "39": 0,
      "40": 0,
      "41": 0,
      "42": 0,
      "43": 0,
      "44": 0,
      "45": 0,
      "46": 0,
      "47": 0,
      "48": 0,
      "49": 0,
      "50": 0,
      "51": 0,
      "52": 0,
      "53": 0,
      "54": 0,
      "55": 0,
      "56": 0,
      "57": 0,
      "58": 0,
      "59": 0,
      "60": 0,
      "61": 0,
      "62": 0,
      "63": 0,
      "64": 0,
      "65": 0,
      "66": 0,
      "67": 0,
      "68": 0,
      "69": 0,
      "70": 0,
      "71": 0,
      "72": 0,
      "73": 0,
      "74": 0,
      "75": 0,
      "76": 0,
      "77": 0,
      "78": 0,
      "79": 0,
      "80": 0
    },
    "f": {
      "0": 0,
      "1": 0,
      "2": 0,
      "3": 0,
      "4": 0,
      "5": 0,
      "6": 0,
      "7": 0,
      "8": 0,
      "9": 0,
      "10": 0,
      "11": 0,
      "12": 0,
      "13": 0,
      "14": 0,
      "15": 0,
      "16": 0,
      "17": 0,
      "18": 0,
      "19": 0,
      "20": 0,
      "21": 0
    },
    "b": { "0": [0, 0], "1": [0, 0], "2": [0, 0], "3": [0, 0], "4": [0, 0] },
    "meta": {
      "lastBranch": 5,
      "lastFunction": 22,
      "lastStatement": 81,
      "seen": {
        "f:21:16:21:25": 0,
        "s:22:2:25:Infinity": 0,
        "f:22:38:22:50": 1,
        "s:23:4:23:Infinity": 1,
        "s:24:4:24:Infinity": 2,
        "s:27:2:33:Infinity": 3,
        "f:27:41:27:53": 2,
        "s:28:36:30:Infinity": 4,
        "b:31:4:31:Infinity:undefined:undefined:undefined:undefined": 0,
        "s:31:4:31:Infinity": 5,
        "s:31:18:31:Infinity": 6,
        "s:32:4:32:Infinity": 7,
        "s:35:2:63:Infinity": 8,
        "f:35:31:35:38": 3,
        "s:36:4:36:Infinity": 9,
        "s:37:10:37:Infinity": 10,
        "s:40:23:40:Infinity": 11,
        "s:41:4:59:Infinity": 12,
        "s:41:17:41:20": 13,
        "b:42:6:42:Infinity:undefined:undefined:undefined:undefined": 1,
        "s:42:6:42:Infinity": 14,
        "s:42:36:42:Infinity": 15,
        "s:43:20:43:Infinity": 16,
        "s:45:24:45:Infinity": 17,
        "f:45:34:45:35": 4,
        "s:45:41:45:47": 18,
        "s:46:21:52:Infinity": 19,
        "f:47:8:47:9": 5,
        "s:48:10:48:Infinity": 20,
        "s:49:10:49:Infinity": 21,
        "s:54:6:54:Infinity": 22,
        "s:55:6:58:Infinity": 23,
        "s:62:4:62:Infinity": 24,
        "s:65:2:67:Infinity": 25,
        "f:65:32:65:44": 6,
        "s:66:4:66:Infinity": 26,
        "s:69:2:74:Infinity": 27,
        "f:71:4:71:11": 7,
        "s:72:6:72:Infinity": 28,
        "s:76:2:79:Infinity": 29,
        "f:76:37:76:49": 8,
        "s:77:30:77:Infinity": 30,
        "s:78:4:78:Infinity": 31,
        "s:81:2:83:Infinity": 32,
        "f:81:31:81:43": 9,
        "s:82:4:82:Infinity": 33,
        "s:85:2:98:Infinity": 34,
        "f:87:4:87:Infinity": 10,
        "s:95:34:95:Infinity": 35,
        "s:96:6:96:Infinity": 36,
        "s:100:2:103:Infinity": 37,
        "f:100:44:100:51": 11,
        "s:101:37:101:Infinity": 38,
        "s:102:4:102:Infinity": 39,
        "s:105:2:108:Infinity": 40,
        "f:105:29:105:41": 12,
        "s:106:4:106:Infinity": 41,
        "s:107:4:107:Infinity": 42,
        "s:110:2:112:Infinity": 43,
        "f:110:41:110:48": 13,
        "s:111:4:111:Infinity": 44,
        "s:114:2:116:Infinity": 45,
        "f:114:39:114:46": 14,
        "s:115:4:115:Infinity": 46,
        "s:118:2:121:Infinity": 47,
        "f:118:43:118:50": 15,
        "s:119:4:119:Infinity": 48,
        "s:120:4:120:Infinity": 49,
        "s:123:2:127:Infinity": 50,
        "f:123:33:123:45": 16,
        "s:124:21:124:Infinity": 51,
        "s:125:4:125:Infinity": 52,
        "s:126:4:126:Infinity": 53,
        "s:129:2:134:Infinity": 54,
        "f:129:33:129:40": 17,
        "b:130:4:132:Infinity:undefined:undefined:undefined:undefined": 2,
        "s:130:4:132:Infinity": 55,
        "s:131:6:131:Infinity": 56,
        "s:133:4:133:Infinity": 57,
        "s:136:2:153:Infinity": 58,
        "f:136:31:136:43": 18,
        "s:137:19:137:Infinity": 59,
        "s:138:4:138:Infinity": 60,
        "s:140:18:140:Infinity": 61,
        "s:141:4:146:Infinity": 62,
        "b:142:6:145:Infinity:undefined:undefined:undefined:undefined": 3,
        "s:142:6:145:Infinity": 63,
[...]
        "line": 26
      },
      "1": {
        "name": "(anonymous_1)",
        "decl": { "start": { "line": 27, "column": 35 }, "end": { "line": 27, "column": 36 } },
        "loc": { "start": { "line": 27, "column": 42 }, "end": { "line": 27, "column": 55 } },
        "line": 27
      },
      "2": {
        "name": "(anonymous_2)",
        "decl": { "start": { "line": 28, "column": 32 }, "end": { "line": 28, "column": 33 } },
        "loc": { "start": { "line": 28, "column": 39 }, "end": { "line": 28, "column": 53 } },
        "line": 28
      },
      "3": {
        "name": "(anonymous_3)",
        "decl": { "start": { "line": 30, "column": 20 }, "end": { "line": 30, "column": 21 } },
        "loc": { "start": { "line": 30, "column": 34 }, "end": { "line": 72, "column": null } },
        "line": 30
      },
      "4": {
        "name": "(anonymous_4)",
        "decl": { "start": { "line": 42, "column": 19 }, "end": { "line": 42, "column": 25 } },
        "loc": { "start": { "line": 42, "column": 25 }, "end": { "line": 42, "column": null } },
        "line": 42
      },
      "5": {
        "name": "(anonymous_5)",
        "decl": { "start": { "line": 59, "column": 19 }, "end": { "line": 59, "column": 20 } },
        "loc": { "start": { "line": 59, "column": 26 }, "end": { "line": 62, "column": null } },
        "line": 59
      },
      "6": {
        "name": "(anonymous_6)",
        "decl": { "start": { "line": 105, "column": 22 }, "end": { "line": 105, "column": 23 } },
        "loc": { "start": { "line": 105, "column": 29 }, "end": { "line": 105, "column": null } },
        "line": 105
      },
      "7": {
        "name": "(anonymous_7)",
        "decl": { "start": { "line": 114, "column": 21 }, "end": { "line": 114, "column": 27 } },
        "loc": { "start": { "line": 114, "column": 27 }, "end": { "line": 114, "column": null } },
        "line": 114
      }
    },
    "branchMap": {
      "0": {
        "loc": { "start": { "line": 36, "column": 10 }, "end": { "line": 38, "column": null } },
        "type": "cond-expr",
        "locations": [
          { "start": { "line": 37, "column": 14 }, "end": { "line": 37, "column": null } },
          { "start": { "line": 38, "column": 14 }, "end": { "line": 38, "column": null } }
        ],
        "line": 36
      },
      "1": {
        "loc": { "start": { "line": 46, "column": 11 }, "end": { "line": 55, "column": null } },
        "type": "binary-expr",
        "locations": [
          { "start": { "line": 46, "column": 11 }, "end": { "line": 46, "column": null } },
          { "start": { "line": 47, "column": 12 }, "end": { "line": 55, "column": null } }
        ],
        "line": 46
      },
      "2": {
        "loc": { "start": { "line": 49, "column": 16 }, "end": { "line": 51, "column": null } },
        "type": "cond-expr",
        "locations": [
          { "start": { "line": 50, "column": 20 }, "end": { "line": 50, "column": null } },
          { "start": { "line": 51, "column": 20 }, "end": { "line": 51, "column": null } }
        ],
        "line": 49
      },
      "3": {
        "loc": { "start": { "line": 63, "column": 22 }, "end": { "line": 63, "column": null } },
        "type": "cond-expr",
        "locations": [
          { "start": { "line": 63, "column": 40 }, "end": { "line": 63, "column": 66 } },
          { "start": { "line": 63, "column": 66 }, "end": { "line": 63, "column": null } }
        ],
        "line": 63
      },
      "4": {
        "loc": { "start": { "line": 65, "column": 12 }, "end": { "line": 65, "column": null } },
        "type": "cond-expr",
        "locations": [
          { "start": { "line": 65, "column": 30 }, "end": { "line": 65, "column": 61 } },
          { "start": { "line": 65, "column": 61 }, "end": { "line": 65, "column": null } }
        ],
        "line": 65
      },
      "5": {
        "loc": { "start": { "line": 68, "column": 42 }, "end": { "line": 68, "column": 81 } },
        "type": "cond-expr",
        "locations": [
          { "start": { "line": 68, "column": 60 }, "end": { "line": 68, "column": 79 } },
          { "start": { "line": 68, "column": 79 }, "end": { "line": 68, "column": 81 } }
        ],
        "line": 68
      },
      "6": {
        "loc": { "start": { "line": 84, "column": 19 }, "end": { "line": 84, "column": null } },
        "type": "cond-expr",
        "locations": [
          { "start": { "line": 84, "column": 40 }, "end": { "line": 84, "column": 58 } },
          { "start": { "line": 84, "column": 58 }, "end": { "line": 84, "column": null } }
        ],
        "line": 84
      },
      "7": {
        "loc": { "start": { "line": 116, "column": 14 }, "end": { "line": 118, "column": null } },
        "type": "cond-expr",
        "locations": [
          { "start": { "line": 117, "column": 18 }, "end": { "line": 117, "column": null } },
          { "start": { "line": 118, "column": 18 }, "end": { "line": 118, "column": null } }
        ],
        "line": 116
      },
      "8": {
        "loc": { "start": { "line": 126, "column": 9 }, "end": { "line": 135, "column": null } },
        "type": "binary-expr",
        "locations": [
          { "start": { "line": 126, "column": 9 }, "end": { "line": 126, "column": null } },
          { "start": { "line": 127, "column": 10 }, "end": { "line": 135, "column": null } }
        ],
        "line": 126
      },
      "9": {
        "loc": { "start": { "line": 139, "column": 9 }, "end": { "line": 148, "column": null } },
        "type": "binary-expr",
        "locations": [
          { "start": { "line": 139, "column": 9 }, "end": { "line": 139, "column": null } },
          { "start": { "line": 140, "column": 10 }, "end": { "line": 148, "column": null } }
        ],
        "line": 139
      }
    },
    "s": {
      "0": 2,
      "1": 6,
      "2": 6,
      "3": 6,
      "4": 6,
      "5": 6,
      "6": 6,
      "7": 6,
      "8": 0,
      "9": 1,
      "10": 1,
      "11": 6,
      "12": 0,
      "13": 0
    },
    "f": { "0": 6, "1": 6, "2": 6, "3": 6, "4": 0, "5": 1, "6": 0, "7": 0 },
    "b": {
      "0": [0, 6],
      "1": [6, 6],
      "2": [0, 6],
      "3": [3, 3],
      "4": [3, 3],
      "5": [3, 3],
      "6": [3, 3],
      "7": [6, 0],
      "8": [6, 3],
      "9": [6, 3]
    },
    "meta": {
      "lastBranch": 10,
      "lastFunction": 8,
      "lastStatement": 14,
      "seen": {
        "s:16:23:153:Infinity": 0,
        "f:16:23:16:24": 0,
        "s:27:23:27:Infinity": 1,
        "f:27:35:27:36": 1,
        "s:27:42:27:55": 2,
        "s:28:20:28:Infinity": 3,
        "f:28:32:28:33": 2,
        "s:28:39:28:53": 4,
        "s:30:20:72:Infinity": 5,
        "f:30:20:30:21": 3,
        "s:31:21:31:Infinity": 6,
        "s:32:4:70:Infinity": 7,
        "b:37:14:37:Infinity:38:14:38:Infinity": 0,
        "f:42:19:42:25": 4,
        "s:42:25:42:Infinity": 8,
        "b:46:11:46:Infinity:47:12:55:Infinity": 1,
        "b:50:20:50:Infinity:51:20:51:Infinity": 2,
        "f:59:19:59:20": 5,
        "s:60:12:60:Infinity": 9,
        "s:61:12:61:Infinity": 10,
        "b:63:40:63:66:63:66:63:Infinity": 3,
        "b:65:30:65:61:65:61:65:Infinity": 4,
        "b:68:60:68:79:68:79:68:81": 5,
        "s:74:2:151:Infinity": 11,
        "b:84:40:84:58:84:58:84:Infinity": 6,
        "f:105:22:105:23": 6,
        "s:105:29:105:Infinity": 12,
        "f:114:21:114:27": 7,
        "s:114:27:114:Infinity": 13,
        "b:117:18:117:Infinity:118:18:118:Infinity": 7,
        "b:126:9:126:Infinity:127:10:135:Infinity": 8,
        "b:139:9:139:Infinity:140:10:148:Infinity": 9
      }
    }
  },
  "F:\\codes\\antigravity\\taggedviewer\\src\\renderer\\src\\hooks\\useIpc.ts": {
    "path": "F:\\codes\\antigravity\\taggedviewer\\src\\renderer\\src\\hooks\\useIpc.ts",
    "statementMap": {
      "0": { "start": { "line": 4, "column": 22 }, "end": { "line": 117, "column": null } },
      "1": { "start": { "line": 5, "column": 34 }, "end": { "line": 5, "column": null } },
      "2": { "start": { "line": 6, "column": 38 }, "end": { "line": 6, "column": null } },
      "3": { "start": { "line": 7, "column": 28 }, "end": { "line": 7, "column": null } },
      "4": { "start": { "line": 8, "column": 38 }, "end": { "line": 15, "column": null } },
      "5": { "start": { "line": 17, "column": 2 }, "end": { "line": 54, "column": null } },
      "6": { "start": { "line": 19, "column": 4 }, "end": { "line": 27, "column": null } },
      "7": { "start": { "line": 22, "column": 8 }, "end": { "line": 22, "column": null } },
      "8": { "start": { "line": 23, "column": 8 }, "end": { "line": 23, "column": null } },
      "9": { "start": { "line": 25, "column": 8 }, "end": { "line": 25, "column": null } },
      "10": { "start": { "line": 30, "column": 4 }, "end": { "line": 32, "column": null } },
      "11": { "start": { "line": 31, "column": 6 }, "end": { "line": 31, "column": null } },
      "12": { "start": { "line": 35, "column": 4 }, "end": { "line": 37, "column": null } },
      "13": { "start": { "line": 36, "column": 6 }, "end": { "line": 36, "column": null } },
      "14": { "start": { "line": 39, "column": 25 }, "end": { "line": 43, "column": null } },
      "15": { "start": { "line": 41, "column": 16 }, "end": { "line": 41, "column": null } },
      "16": { "start": { "line": 42, "column": 6 }, "end": { "line": 42, "column": null } },
      "17": { "start": { "line": 44, "column": 4 }, "end": { "line": 44, "column": null } },
      "18": { "start": { "line": 46, "column": 4 }, "end": { "line": 53, "column": null } },
      "19": { "start": { "line": 48, "column": 6 }, "end": { "line": 48, "column": null } },
      "20": { "start": { "line": 50, "column": 6 }, "end": { "line": 50, "column": null } },
      "21": { "start": { "line": 52, "column": 6 }, "end": { "line": 52, "column": null } },
      "22": { "start": { "line": 56, "column": 26 }, "end": { "line": 60, "column": null } },
      "23": { "start": { "line": 57, "column": 4 }, "end": { "line": 57, "column": null } },
      "24": { "start": { "line": 57, "column": 28 }, "end": { "line": 57, "column": 53 } },
      "25": { "start": { "line": 59, "column": 4 }, "end": { "line": 59, "column": null } },
      "26": { "start": { "line": 62, "column": 21 }, "end": { "line": 72, "column": null } },
      "27": { "start": { "line": 64, "column": 16 }, "end": { "line": 64, "column": null } },
      "28": { "start": { "line": 65, "column": 4 }, "end": { "line": 71, "column": null } },
      "29": { "start": { "line": 66, "column": 6 }, "end": { "line": 66, "column": null } },
      "30": { "start": { "line": 68, "column": 6 }, "end": { "line": 68, "column": null } },
      "31": { "start": { "line": 69, "column": 6 }, "end": { "line": 69, "column": null } },
      "32": { "start": { "line": 70, "column": 6 }, "end": { "line": 70, "column": null } },
      "33": { "start": { "line": 74, "column": 25 }, "end": { "line": 78, "column": null } },
      "34": { "start": { "line": 76, "column": 4 }, "end": { "line": 76, "column": null } },
      "35": { "start": { "line": 77, "column": 4 }, "end": { "line": 77, "column": null } },
      "36": { "start": { "line": 80, "column": 27 }, "end": { "line": 83, "column": null } },
      "37": { "start": { "line": 82, "column": 4 }, "end": { "line": 82, "column": null } },
      "38": { "start": { "line": 85, "column": 23 }, "end": { "line": 95, "column": null } },
      "39": { "start": { "line": 86, "column": 4 }, "end": { "line": 91, "column": null } },
      "40": { "start": { "line": 91, "column": 6 }, "end": { "line": 91, "column": null } },
      "41": { "start": { "line": 93, "column": 4 }, "end": { "line": 93, "column": null } },
      "42": { "start": { "line": 94, "column": 4 }, "end": { "line": 94, "column": null } },
      "43": { "start": { "line": 97, "column": 24 }, "end": { "line": 102, "column": null } },
      "44": { "start": { "line": 98, "column": 4 }, "end": { "line": 98, "column": null } },
      "45": { "start": { "line": 100, "column": 4 }, "end": { "line": 100, "column": null } },
      "46": { "start": { "line": 101, "column": 4 }, "end": { "line": 101, "column": null } },
      "47": { "start": { "line": 104, "column": 2 }, "end": { "line": 116, "column": null } }
    },
    "fnMap": {
      "0": {
        "name": "(anonymous_0)",
        "decl": { "start": { "line": 4, "column": 22 }, "end": { "line": 4, "column": 23 } },
        "loc": { "start": { "line": 4, "column": 48 }, "end": { "line": 117, "column": null } },
        "line": 4
      },
      "1": {
        "name": "(anonymous_1)",
        "decl": { "start": { "line": 17, "column": 12 }, "end": { "line": 17, "column": 18 } },
        "loc": { "start": { "line": 17, "column": 18 }, "end": { "line": 54, "column": 5 } },
        "line": 17
      },
      "2": {
        "name": "(anonymous_2)",
        "decl": { "start": { "line": 21, "column": 6 }, "end": { "line": 21, "column": 7 } },
        "loc": { "start": { "line": 21, "column": 84 }, "end": { "line": 26, "column": null } },
        "line": 21
      },
      "3": {
        "name": "(anonymous_3)",
        "decl": { "start": { "line": 30, "column": 59 }, "end": { "line": 30, "column": 60 } },
        "loc": { "start": { "line": 30, "column": 72 }, "end": { "line": 32, "column": 5 } },
        "line": 30
      },
      "4": {
        "name": "(anonymous_4)",
        "decl": { "start": { "line": 35, "column": 63 }, "end": { "line": 35, "column": 69 } },
        "loc": { "start": { "line": 35, "column": 69 }, "end": { "line": 37, "column": 5 } },
        "line": 35
      },
      "5": {
        "name": "(anonymous_5)",
        "decl": { "start": { "line": 39, "column": 25 }, "end": { "line": 39, "column": 37 } },
        "loc": { "start": { "line": 39, "column": 37 }, "end": { "line": 43, "column": null } },
        "line": 39
      },
      "6": {
        "name": "(anonymous_6)",
        "decl": { "start": { "line": 46, "column": 11 }, "end": { "line": 46, "column": 17 } },
        "loc": { "start": { "line": 46, "column": 17 }, "end": { "line": 53, "column": null } },
        "line": 46
      },
      "7": {
        "name": "(anonymous_7)",
        "decl": { "start": { "line": 56, "column": 26 }, "end": { "line": 56, "column": 38 } },
        "loc": { "start": { "line": 56, "column": 38 }, "end": { "line": 60, "column": null } },
        "line": 56
      },
      "8": {
        "name": "(anonymous_8)",
        "decl": { "start": { "line": 57, "column": 20 }, "end": { "line": 57, "column": 21 } },
        "loc": { "start": { "line": 57, "column": 28 }, "end": { "line": 57, "column": 53 } },
        "line": 57
      },
      "9": {
        "name": "(anonymous_9)",
        "decl": { "start": { "line": 62, "column": 21 }, "end": { "line": 62, "column": 33 } },
        "loc": { "start": { "line": 62, "column": 33 }, "end": { "line": 72, "column": null } },
        "line": 62
      },
      "10": {
        "name": "(anonymous_10)",
        "decl": { "start": { "line": 74, "column": 25 }, "end": { "line": 74, "column": 32 } },
        "loc": { "start": { "line": 74, "column": 47 }, "end": { "line": 78, "column": null } },
        "line": 74
      },
      "11": {
        "name": "(anonymous_11)",
        "decl": { "start": { "line": 80, "column": 27 }, "end": { "line": 80, "column": 34 } },
        "loc": { "start": { "line": 80, "column": 55 }, "end": { "line": 83, "column": null } },
        "line": 80
      },
      "12": {
        "name": "(anonymous_12)",
        "decl": { "start": { "line": 85, "column": 23 }, "end": { "line": 85, "column": 35 } },
        "loc": { "start": { "line": 85, "column": 35 }, "end": { "line": 95, "column": null } },
        "line": 85
      },
      "13": {
        "name": "(anonymous_13)",
        "decl": { "start": { "line": 97, "column": 24 }, "end": { "line": 97, "column": 36 } },
        "loc": { "start": { "line": 97, "column": 36 }, "end": { "line": 102, "column": null } },
        "line": 97
      }
    },
    "branchMap": {
      "0": {
        "loc": { "start": { "line": 65, "column": 4 }, "end": { "line": 71, "column": null } },
        "type": "if",
        "locations": [
          { "start": { "line": 65, "column": 4 }, "end": { "line": 71, "column": null } },
          { "start": {}, "end": {} }
        ],
        "line": 65
      },
      "1": {
        "loc": { "start": { "line": 86, "column": 4 }, "end": { "line": 91, "column": null } },
        "type": "if",
        "locations": [
          { "start": { "line": 86, "column": 4 }, "end": { "line": 91, "column": null } },
          { "start": {}, "end": {} }
        ],
        "line": 86
      }
    },
    "s": {
      "0": 0,
      "1": 0,
      "2": 0,
      "3": 0,
      "4": 0,
      "5": 0,
      "6": 0,
      "7": 0,
      "8": 0,
      "9": 0,
      "10": 0,
      "11": 0,
      "12": 0,
      "13": 0,
      "14": 0,
      "15": 0,
      "16": 0,
      "17": 0,
      "18": 0,
      "19": 0,
      "20": 0,
      "21": 0,
      "22": 0,
      "23": 0,
      "24": 0,
      "25": 0,
      "26": 0,
      "27": 0,
      "28": 0,
      "29": 0,
      "30": 0,
      "31": 0,
      "32": 0,
      "33": 0,
      "34": 0,
      "35": 0,
      "36": 0,
      "37": 0,
      "38": 0,
      "39": 0,
      "40": 0,
      "41": 0,
      "42": 0,
      "43": 0,
      "44": 0,
      "45": 0,
      "46": 0,
      "47": 0
    },
    "f": {
      "0": 0,
      "1": 0,
      "2": 0,
      "3": 0,
      "4": 0,
      "5": 0,
      "6": 0,
      "7": 0,
      "8": 0,
      "9": 0,
      "10": 0,
      "11": 0,
      "12": 0,
      "13": 0
    },
    "b": { "0": [0, 0], "1": [0, 0] },
    "meta": {
      "lastBranch": 2,
      "lastFunction": 14,
      "lastStatement": 48,
      "seen": {
        "s:4:22:117:Infinity": 0,
        "f:4:22:4:23": 0,
        "s:5:34:5:Infinity": 1,
        "s:6:38:6:Infinity": 2,
        "s:7:28:7:Infinity": 3,
        "s:8:38:15:Infinity": 4,
        "s:17:2:54:Infinity": 5,
        "f:17:12:17:18": 1,
        "s:19:4:27:Infinity": 6,
        "f:21:6:21:7": 2,
        "s:22:8:22:Infinity": 7,
        "s:23:8:23:Infinity": 8,
        "s:25:8:25:Infinity": 9,
        "s:30:4:32:Infinity": 10,
        "f:30:59:30:60": 3,
        "s:31:6:31:Infinity": 11,
        "s:35:4:37:Infinity": 12,
        "f:35:63:35:69": 4,
        "s:36:6:36:Infinity": 13,
        "s:39:25:43:Infinity": 14,
        "f:39:25:39:37": 5,
        "s:41:16:41:Infinity": 15,
        "s:42:6:42:Infinity": 16,
        "s:44:4:44:Infinity": 17,
        "s:46:4:53:Infinity": 18,
        "f:46:11:46:17": 6,
        "s:48:6:48:Infinity": 19,
        "s:50:6:50:Infinity": 20,
        "s:52:6:52:Infinity": 21,
        "s:56:26:60:Infinity": 22,
        "f:56:26:56:38": 7,
        "s:57:4:57:Infinity": 23,
        "f:57:20:57:21": 8,
        "s:57:28:57:53": 24,
        "s:59:4:59:Infinity": 25,
        "s:62:21:72:Infinity": 26,
        "f:62:21:62:33": 9,
        "s:64:16:64:Infinity": 27,
        "b:65:4:71:Infinity:undefined:undefined:undefined:undefined": 0,
        "s:65:4:71:Infinity": 28,
        "s:66:6:66:Infinity": 29,
        "s:68:6:68:Infinity": 30,
        "s:69:6:69:Infinity": 31,
        "s:70:6:70:Infinity": 32,
        "s:74:25:78:Infinity": 33,
        "f:74:25:74:32": 10,
        "s:76:4:76:Infinity": 34,
        "s:77:4:77:Infinity": 35,
        "s:80:27:83:Infinity": 36,
        "f:80:27:80:34": 11,
        "s:82:4:82:Infinity": 37,
        "s:85:23:95:Infinity": 38,
        "f:85:23:85:35": 12,
        "b:86:4:91:Infinity:undefined:undefined:undefined:undefined": 1,
        "s:86:4:91:Infinity": 39,
        "s:91:6:91:Infinity": 40,
        "s:93:4:93:Infinity": 41,
        "s:94:4:94:Infinity": 42,
        "s:97:24:102:Infinity": 43,
        "f:97:24:97:36": 13,
        "s:98:4:98:Infinity": 44,
        "s:100:4:100:Infinity": 45,
        "s:101:4:101:Infinity": 46,
        "s:104:2:116:Infinity": 47
      }
    }
  }
}
